{"level":"info","ts":"2023-06-06T16:44:46Z","logger":"setup","msg":"Starting CloudNativePG Operator","version":"1.19.1","build":{"Version":"1.19.1","Commit":"cb24d237","Date":"2023-03-20"}}
{"level":"info","ts":"2023-06-06T16:44:46Z","logger":"setup","msg":"Listening for changes on all namespaces"}
{"level":"info","ts":"2023-06-06T16:44:46Z","logger":"controller-runtime.metrics","msg":"Metrics server is starting to listen","addr":":8080"}
{"level":"info","ts":"2023-06-06T16:44:46Z","logger":"setup","msg":"Loading configuration from ConfigMap","namespace":"cnpg-system","name":"cnpg-controller-manager-config"}
{"level":"info","ts":"2023-06-06T16:44:46Z","logger":"setup","msg":"Loading configuration from Secret","namespace":"cnpg-system","name":"cnpg-controller-manager-config"}
{"level":"info","ts":"2023-06-06T16:44:46Z","logger":"setup","msg":"Operator configuration loaded","configuration":{"webhookCertDir":"","watchNamespace":"","enablePodDebugging":false,"operatorNamespace":"cnpg-system","operatorPullSecretName":"cnpg-pull-secret","operatorImageName":"lenow/cloudnative-pg:lenow-any","postgresImageName":"ghcr.io/cloudnative-pg/postgresql:15.2","inheritedAnnotations":null,"inheritedLabels":null,"enableInstanceManagerInplaceUpdates":false,"enableAzurePVCUpdates":false,"monitoringQueriesConfigmap":"cnpg-default-monitoring","monitoringQueriesSecret":""}}
{"level":"info","ts":"2023-06-06T16:44:46Z","logger":"setup","msg":"Kubernetes system metadata","systemUID":"c226d313-5385-49ed-a1e4-57ff06688d9f","haveSCC":false,"haveSeccompProfile":true}
{"level":"info","ts":"2023-06-06T16:44:47Z","logger":"controller-runtime.builder","msg":"Registering a mutating webhook","GVK":"postgresql.cnpg.io/v1, Kind=Cluster","path":"/mutate-postgresql-cnpg-io-v1-cluster"}
{"level":"info","ts":"2023-06-06T16:44:47Z","logger":"controller-runtime.webhook","msg":"Registering webhook","path":"/mutate-postgresql-cnpg-io-v1-cluster"}
{"level":"info","ts":"2023-06-06T16:44:47Z","logger":"controller-runtime.builder","msg":"Registering a validating webhook","GVK":"postgresql.cnpg.io/v1, Kind=Cluster","path":"/validate-postgresql-cnpg-io-v1-cluster"}
{"level":"info","ts":"2023-06-06T16:44:47Z","logger":"controller-runtime.webhook","msg":"Registering webhook","path":"/validate-postgresql-cnpg-io-v1-cluster"}
{"level":"info","ts":"2023-06-06T16:44:47Z","logger":"controller-runtime.builder","msg":"Registering a mutating webhook","GVK":"postgresql.cnpg.io/v1, Kind=Backup","path":"/mutate-postgresql-cnpg-io-v1-backup"}
{"level":"info","ts":"2023-06-06T16:44:47Z","logger":"controller-runtime.webhook","msg":"Registering webhook","path":"/mutate-postgresql-cnpg-io-v1-backup"}
{"level":"info","ts":"2023-06-06T16:44:47Z","logger":"controller-runtime.builder","msg":"Registering a validating webhook","GVK":"postgresql.cnpg.io/v1, Kind=Backup","path":"/validate-postgresql-cnpg-io-v1-backup"}
{"level":"info","ts":"2023-06-06T16:44:47Z","logger":"controller-runtime.webhook","msg":"Registering webhook","path":"/validate-postgresql-cnpg-io-v1-backup"}
{"level":"info","ts":"2023-06-06T16:44:47Z","logger":"controller-runtime.builder","msg":"Registering a mutating webhook","GVK":"postgresql.cnpg.io/v1, Kind=ScheduledBackup","path":"/mutate-postgresql-cnpg-io-v1-scheduledbackup"}
{"level":"info","ts":"2023-06-06T16:44:47Z","logger":"controller-runtime.webhook","msg":"Registering webhook","path":"/mutate-postgresql-cnpg-io-v1-scheduledbackup"}
{"level":"info","ts":"2023-06-06T16:44:47Z","logger":"controller-runtime.builder","msg":"Registering a validating webhook","GVK":"postgresql.cnpg.io/v1, Kind=ScheduledBackup","path":"/validate-postgresql-cnpg-io-v1-scheduledbackup"}
{"level":"info","ts":"2023-06-06T16:44:47Z","logger":"controller-runtime.webhook","msg":"Registering webhook","path":"/validate-postgresql-cnpg-io-v1-scheduledbackup"}
{"level":"info","ts":"2023-06-06T16:44:47Z","logger":"controller-runtime.builder","msg":"skip registering a mutating webhook, object does not implement admission.Defaulter or WithDefaulter wasn't called","GVK":"postgresql.cnpg.io/v1, Kind=Pooler"}
{"level":"info","ts":"2023-06-06T16:44:47Z","logger":"controller-runtime.builder","msg":"Registering a validating webhook","GVK":"postgresql.cnpg.io/v1, Kind=Pooler","path":"/validate-postgresql-cnpg-io-v1-pooler"}
{"level":"info","ts":"2023-06-06T16:44:47Z","logger":"controller-runtime.webhook","msg":"Registering webhook","path":"/validate-postgresql-cnpg-io-v1-pooler"}
{"level":"info","ts":"2023-06-06T16:44:47Z","logger":"setup","msg":"starting manager"}
{"level":"info","ts":"2023-06-06T16:44:47Z","logger":"controller-runtime.webhook.webhooks","msg":"Starting webhook server"}
{"level":"info","ts":"2023-06-06T16:44:47Z","logger":"controller-runtime.certwatcher","msg":"Updated current TLS certificate"}
{"level":"info","ts":"2023-06-06T16:44:47Z","msg":"Starting server","path":"/metrics","kind":"metrics","addr":"[::]:8080"}
{"level":"info","ts":"2023-06-06T16:44:47Z","logger":"controller-runtime.certwatcher","msg":"Starting certificate watcher"}
{"level":"info","ts":"2023-06-06T16:44:47Z","logger":"controller-runtime.webhook","msg":"Serving webhook server","host":"","port":9443}
{"level":"info","ts":"2023-06-06T16:44:47Z","msg":"attempting to acquire leader lease cnpg-system/db9c8771.cnpg.io...\n"}
{"level":"info","ts":"2023-06-06T16:56:09Z","msg":"successfully acquired lease cnpg-system/db9c8771.cnpg.io\n"}
{"level":"info","ts":"2023-06-06T16:56:09Z","msg":"Starting EventSource","controller":"cluster","controllerGroup":"postgresql.cnpg.io","controllerKind":"Cluster","source":"kind source: *v1.Cluster"}
{"level":"info","ts":"2023-06-06T16:56:09Z","msg":"Starting EventSource","controller":"cluster","controllerGroup":"postgresql.cnpg.io","controllerKind":"Cluster","source":"kind source: *v1.Pod"}
{"level":"info","ts":"2023-06-06T16:56:09Z","msg":"Starting EventSource","controller":"cluster","controllerGroup":"postgresql.cnpg.io","controllerKind":"Cluster","source":"kind source: *v1.Job"}
{"level":"info","ts":"2023-06-06T16:56:09Z","msg":"Starting EventSource","controller":"cluster","controllerGroup":"postgresql.cnpg.io","controllerKind":"Cluster","source":"kind source: *v1.Service"}
{"level":"info","ts":"2023-06-06T16:56:09Z","msg":"Starting EventSource","controller":"cluster","controllerGroup":"postgresql.cnpg.io","controllerKind":"Cluster","source":"kind source: *v1.PersistentVolumeClaim"}
{"level":"info","ts":"2023-06-06T16:56:09Z","msg":"Starting EventSource","controller":"cluster","controllerGroup":"postgresql.cnpg.io","controllerKind":"Cluster","source":"kind source: *v1.PodDisruptionBudget"}
{"level":"info","ts":"2023-06-06T16:56:09Z","msg":"Starting EventSource","controller":"cluster","controllerGroup":"postgresql.cnpg.io","controllerKind":"Cluster","source":"kind source: *v1.ConfigMap"}
{"level":"info","ts":"2023-06-06T16:56:09Z","msg":"Starting EventSource","controller":"cluster","controllerGroup":"postgresql.cnpg.io","controllerKind":"Cluster","source":"kind source: *v1.Secret"}
{"level":"info","ts":"2023-06-06T16:56:09Z","msg":"Starting EventSource","controller":"cluster","controllerGroup":"postgresql.cnpg.io","controllerKind":"Cluster","source":"kind source: *v1.Pooler"}
{"level":"info","ts":"2023-06-06T16:56:09Z","msg":"Starting EventSource","controller":"cluster","controllerGroup":"postgresql.cnpg.io","controllerKind":"Cluster","source":"kind source: *v1.Node"}
{"level":"info","ts":"2023-06-06T16:56:09Z","msg":"Starting Controller","controller":"cluster","controllerGroup":"postgresql.cnpg.io","controllerKind":"Cluster"}
{"level":"info","ts":"2023-06-06T16:56:09Z","msg":"Starting EventSource","controller":"scheduledbackup","controllerGroup":"postgresql.cnpg.io","controllerKind":"ScheduledBackup","source":"kind source: *v1.ScheduledBackup"}
{"level":"info","ts":"2023-06-06T16:56:09Z","msg":"Starting Controller","controller":"scheduledbackup","controllerGroup":"postgresql.cnpg.io","controllerKind":"ScheduledBackup"}
{"level":"info","ts":"2023-06-06T16:56:09Z","msg":"Starting EventSource","controller":"backup","controllerGroup":"postgresql.cnpg.io","controllerKind":"Backup","source":"kind source: *v1.Backup"}
{"level":"info","ts":"2023-06-06T16:56:09Z","msg":"Starting EventSource","controller":"backup","controllerGroup":"postgresql.cnpg.io","controllerKind":"Backup","source":"kind source: *v1.Cluster"}
{"level":"info","ts":"2023-06-06T16:56:09Z","msg":"Starting Controller","controller":"backup","controllerGroup":"postgresql.cnpg.io","controllerKind":"Backup"}
{"level":"info","ts":"2023-06-06T16:56:09Z","msg":"Starting EventSource","controller":"pooler","controllerGroup":"postgresql.cnpg.io","controllerKind":"Pooler","source":"kind source: *v1.Pooler"}
{"level":"info","ts":"2023-06-06T16:56:09Z","msg":"Starting EventSource","controller":"pooler","controllerGroup":"postgresql.cnpg.io","controllerKind":"Pooler","source":"kind source: *v1.Deployment"}
{"level":"info","ts":"2023-06-06T16:56:09Z","msg":"Starting EventSource","controller":"pooler","controllerGroup":"postgresql.cnpg.io","controllerKind":"Pooler","source":"kind source: *v1.Service"}
{"level":"info","ts":"2023-06-06T16:56:09Z","msg":"Starting EventSource","controller":"pooler","controllerGroup":"postgresql.cnpg.io","controllerKind":"Pooler","source":"kind source: *v1.ServiceAccount"}
{"level":"info","ts":"2023-06-06T16:56:09Z","msg":"Starting EventSource","controller":"pooler","controllerGroup":"postgresql.cnpg.io","controllerKind":"Pooler","source":"kind source: *v1.Role"}
{"level":"info","ts":"2023-06-06T16:56:09Z","msg":"Starting EventSource","controller":"pooler","controllerGroup":"postgresql.cnpg.io","controllerKind":"Pooler","source":"kind source: *v1.RoleBinding"}
{"level":"info","ts":"2023-06-06T16:56:09Z","msg":"Starting EventSource","controller":"pooler","controllerGroup":"postgresql.cnpg.io","controllerKind":"Pooler","source":"kind source: *v1.Secret"}
{"level":"info","ts":"2023-06-06T16:56:09Z","msg":"Starting Controller","controller":"pooler","controllerGroup":"postgresql.cnpg.io","controllerKind":"Pooler"}
{"level":"info","ts":"2023-06-06T16:56:10Z","msg":"Starting workers","controller":"backup","controllerGroup":"postgresql.cnpg.io","controllerKind":"Backup","worker count":1}
{"level":"info","ts":"2023-06-06T16:56:10Z","msg":"Starting workers","controller":"scheduledbackup","controllerGroup":"postgresql.cnpg.io","controllerKind":"ScheduledBackup","worker count":1}
{"level":"info","ts":"2023-06-06T16:56:10Z","msg":"Starting workers","controller":"pooler","controllerGroup":"postgresql.cnpg.io","controllerKind":"Pooler","worker count":1}
{"level":"info","ts":"2023-06-06T16:56:10Z","msg":"Starting workers","controller":"cluster","controllerGroup":"postgresql.cnpg.io","controllerKind":"Cluster","worker count":1}
