[Sat 25 Mar 2023 03:22:51 PM UTC]: start mon psql connections

[Sat 25 Mar 2023 03:22:51 PM UTC]: check psql connections
 datid | datname | pid | leader_pid | usesysid | usename | application_name | client_addr | client_hostname | client_port |         backend_start         | xact_start | query_start | state_change | wait_event_type |    wait_event     | state | backend_xid | backend_xmin | query_id | query |   backend_type    
-------+---------+-----+------------+----------+---------+------------------+-------------+-----------------+-------------+-------------------------------+------------+-------------+--------------+-----------------+-------------------+-------+-------------+--------------+----------+-------+-------------------
       |         |  29 |            |          |         |                  |             |                 |             | 2023-03-25 12:22:59.897482+00 |            |             |              | Activity        | RecoveryWalStream |       |             |              |          |       | startup
       |         |  28 |            |          |         |                  |             |                 |             | 2023-03-25 12:22:59.89752+00  |            |             |              | Activity        | BgWriterMain      |       |             |              |          |       | background writer
       |         |  27 |            |          |         |                  |             |                 |             | 2023-03-25 12:22:59.897003+00 |            |             |              | Activity        | CheckpointerMain  |       |             |              |          |       | checkpointer
       |         | 105 |            |          |         |                  |             |                 |             | 2023-03-25 12:23:01.200084+00 |            |             |              | Activity        | WalReceiverMain   |       |             |              |          |       | walreceiver
(4 rows)
[Sat 25 Mar 2023 03:22:52 PM UTC]: check psql connections
 datid | datname | pid | leader_pid | usesysid | usename | application_name | client_addr | client_hostname | client_port |         backend_start         | xact_start | query_start | state_change | wait_event_type |    wait_event     | state | backend_xid | backend_xmin | query_id | query |   backend_type    
-------+---------+-----+------------+----------+---------+------------------+-------------+-----------------+-------------+-------------------------------+------------+-------------+--------------+-----------------+-------------------+-------+-------------+--------------+----------+-------+-------------------
       |         |  29 |            |          |         |                  |             |                 |             | 2023-03-25 12:22:59.897482+00 |            |             |              | Activity        | RecoveryWalStream |       |             |              |          |       | startup
       |         |  28 |            |          |         |                  |             |                 |             | 2023-03-25 12:22:59.89752+00  |            |             |              | Activity        | BgWriterHibernate |       |             |              |          |       | background writer
       |         |  27 |            |          |         |                  |             |                 |             | 2023-03-25 12:22:59.897003+00 |            |             |              | Activity        | CheckpointerMain  |       |             |              |          |       | checkpointer
       |         | 105 |            |          |         |                  |             |                 |             | 2023-03-25 12:23:01.200084+00 |            |             |              | Activity        | WalReceiverMain   |       |             |              |          |       | walreceiver
(4 rows)
[Sat 25 Mar 2023 03:23:08 PM UTC]: check psql connections
 datid | datname | pid | leader_pid | usesysid | usename | application_name | client_addr | client_hostname | client_port |         backend_start         | xact_start | query_start | state_change | wait_event_type |    wait_event     | state | backend_xid | backend_xmin | query_id | query |   backend_type    
-------+---------+-----+------------+----------+---------+------------------+-------------+-----------------+-------------+-------------------------------+------------+-------------+--------------+-----------------+-------------------+-------+-------------+--------------+----------+-------+-------------------
       |         |  29 |            |          |         |                  |             |                 |             | 2023-03-25 12:22:59.897482+00 |            |             |              | IPC             | RestoreCommand    |       |             |              |          |       | startup
       |         |  28 |            |          |         |                  |             |                 |             | 2023-03-25 12:22:59.89752+00  |            |             |              | Activity        | BgWriterHibernate |       |             |              |          |       | background writer
       |         |  27 |            |          |         |                  |             |                 |             | 2023-03-25 12:22:59.897003+00 |            |             |              | Activity        | CheckpointerMain  |       |             |              |          |       | checkpointer
(3 rows)
[Sat 25 Mar 2023 03:23:09 PM UTC]: check psql connections
 datid | datname | pid | leader_pid | usesysid | usename | application_name | client_addr | client_hostname | client_port |         backend_start         | xact_start | query_start | state_change | wait_event_type |          wait_event           | state | backend_xid | backend_xmin | query_id | query |   backend_type    
-------+---------+-----+------------+----------+---------+------------------+-------------+-----------------+-------------+-------------------------------+------------+-------------+--------------+-----------------+-------------------------------+-------+-------------+--------------+----------+-------+-------------------
       |         |  29 |            |          |         |                  |             |                 |             | 2023-03-25 12:22:59.897482+00 |            |             |              | Timeout         | RecoveryRetrieveRetryInterval |       |             |              |          |       | startup
       |         |  28 |            |          |         |                  |             |                 |             | 2023-03-25 12:22:59.89752+00  |            |             |              | Activity        | BgWriterHibernate             |       |             |              |          |       | background writer
       |         |  27 |            |          |         |                  |             |                 |             | 2023-03-25 12:22:59.897003+00 |            |             |              | Activity        | CheckpointerMain              |       |             |              |          |       | checkpointer
(3 rows)
[Sat 25 Mar 2023 03:23:13 PM UTC]: check psql connections
 datid | datname | pid  | leader_pid | usesysid | usename | application_name | client_addr | client_hostname | client_port |         backend_start         | xact_start | query_start | state_change | wait_event_type |       wait_event        | state | backend_xid | backend_xmin | query_id | query |   backend_type    
-------+---------+------+------------+----------+---------+------------------+-------------+-----------------+-------------+-------------------------------+------------+-------------+--------------+-----------------+-------------------------+-------+-------------+--------------+----------+-------+-------------------
       |         |   29 |            |          |         |                  |             |                 |             | 2023-03-25 12:22:59.897482+00 |            |             |              | Activity        | RecoveryWalStream       |       |             |              |          |       | startup
       |         |   28 |            |          |         |                  |             |                 |             | 2023-03-25 12:22:59.89752+00  |            |             |              | Activity        | BgWriterHibernate       |       |             |              |          |       | background writer
       |         |   27 |            |          |         |                  |             |                 |             | 2023-03-25 12:22:59.897003+00 |            |             |              | Activity        | CheckpointerMain        |       |             |              |          |       | checkpointer
       |         | 3550 |            |          |         |                  |             |                 |             | 2023-03-25 15:23:13.489371+00 |            |             |              | Client          | LibPQWalReceiverConnect |       |             |              |          |       | walreceiver
(4 rows)
[Sat 25 Mar 2023 03:23:22 PM UTC]: check psql connections
 datid | datname | pid  | leader_pid | usesysid | usename | application_name | client_addr | client_hostname | client_port |         backend_start         | xact_start | query_start | state_change | wait_event_type |       wait_event        | state | backend_xid | backend_xmin | query_id | query |   backend_type    
-------+---------+------+------------+----------+---------+------------------+-------------+-----------------+-------------+-------------------------------+------------+-------------+--------------+-----------------+-------------------------+-------+-------------+--------------+----------+-------+-------------------
       |         |   29 |            |          |         |                  |             |                 |             | 2023-03-25 12:22:59.897482+00 |            |             |              | Activity        | RecoveryWalStream       |       |             |              |          |       | startup
       |         |   28 |            |          |         |                  |             |                 |             | 2023-03-25 12:22:59.89752+00  |            |             |              | Activity        | BgWriterMain            |       |             |              |          |       | background writer
       |         |   27 |            |          |         |                  |             |                 |             | 2023-03-25 12:22:59.897003+00 |            |             |              | Activity        | CheckpointerMain        |       |             |              |          |       | checkpointer
       |         | 3550 |            |          |         |                  |             |                 |             | 2023-03-25 15:23:13.489371+00 |            |             |              | Client          | LibPQWalReceiverConnect |       |             |              |          |       | walreceiver
(4 rows)
[Sat 25 Mar 2023 03:23:24 PM UTC]: check psql connections
 datid | datname | pid  | leader_pid | usesysid | usename | application_name | client_addr | client_hostname | client_port |         backend_start         | xact_start | query_start | state_change | wait_event_type |       wait_event        | state | backend_xid | backend_xmin | query_id | query |   backend_type    
-------+---------+------+------------+----------+---------+------------------+-------------+-----------------+-------------+-------------------------------+------------+-------------+--------------+-----------------+-------------------------+-------+-------------+--------------+----------+-------+-------------------
       |         |   29 |            |          |         |                  |             |                 |             | 2023-03-25 12:22:59.897482+00 |            |             |              | Activity        | RecoveryWalStream       |       |             |              |          |       | startup
       |         |   28 |            |          |         |                  |             |                 |             | 2023-03-25 12:22:59.89752+00  |            |             |              | Activity        | BgWriterHibernate       |       |             |              |          |       | background writer
       |         |   27 |            |          |         |                  |             |                 |             | 2023-03-25 12:22:59.897003+00 |            |             |              | Activity        | CheckpointerMain        |       |             |              |          |       | checkpointer
       |         | 3550 |            |          |         |                  |             |                 |             | 2023-03-25 15:23:13.489371+00 |            |             |              | Client          | LibPQWalReceiverConnect |       |             |              |          |       | walreceiver
(4 rows)
[Sat 25 Mar 2023 03:23:47 PM UTC]: check psql connections
 datid | datname | pid | leader_pid | usesysid | usename | application_name | client_addr | client_hostname | client_port |         backend_start         | xact_start | query_start | state_change | wait_event_type |    wait_event     | state | backend_xid | backend_xmin | query_id | query |   backend_type    
-------+---------+-----+------------+----------+---------+------------------+-------------+-----------------+-------------+-------------------------------+------------+-------------+--------------+-----------------+-------------------+-------+-------------+--------------+----------+-------+-------------------
       |         |  29 |            |          |         |                  |             |                 |             | 2023-03-25 12:22:59.897482+00 |            |             |              | IPC             | RestoreCommand    |       |             |              |          |       | startup
       |         |  28 |            |          |         |                  |             |                 |             | 2023-03-25 12:22:59.89752+00  |            |             |              | Activity        | BgWriterHibernate |       |             |              |          |       | background writer
       |         |  27 |            |          |         |                  |             |                 |             | 2023-03-25 12:22:59.897003+00 |            |             |              | Activity        | CheckpointerMain  |       |             |              |          |       | checkpointer
(3 rows)
[Sat 25 Mar 2023 03:23:49 PM UTC]: check psql connections
 datid | datname | pid | leader_pid | usesysid | usename | application_name | client_addr | client_hostname | client_port |         backend_start         | xact_start | query_start | state_change | wait_event_type |    wait_event     | state | backend_xid | backend_xmin | query_id | query |   backend_type    
-------+---------+-----+------------+----------+---------+------------------+-------------+-----------------+-------------+-------------------------------+------------+-------------+--------------+-----------------+-------------------+-------+-------------+--------------+----------+-------+-------------------
       |         |  29 |            |          |         |                  |             |                 |             | 2023-03-25 12:22:59.897482+00 |            |             |              | IO              | WALInitSync       |       |             |              |          |       | startup
       |         |  28 |            |          |         |                  |             |                 |             | 2023-03-25 12:22:59.89752+00  |            |             |              | Activity        | BgWriterHibernate |       |             |              |          |       | background writer
       |         |  27 |            |          |         |                  |             |                 |             | 2023-03-25 12:22:59.897003+00 |            |             |              | Activity        | CheckpointerMain  |       |             |              |          |       | checkpointer
(3 rows)
[Sat 25 Mar 2023 03:23:50 PM UTC]: check psql connections
 datid | datname | pid  | leader_pid | usesysid | usename  | application_name | client_addr | client_hostname | client_port |         backend_start         | xact_start | query_start | state_change | wait_event_type |     wait_event      | state | backend_xid | backend_xmin | query_id | query |         backend_type         
-------+---------+------+------------+----------+----------+------------------+-------------+-----------------+-------------+-------------------------------+------------+-------------+--------------+-----------------+---------------------+-------+-------------+--------------+----------+-------+------------------------------
       |         | 3851 |            |          |          |                  |             |                 |             | 2023-03-25 15:23:49.313812+00 |            |             |              | Activity        | AutoVacuumMain      |       |             |              |          |       | autovacuum launcher
       |         | 3853 |            |       10 | postgres |                  |             |                 |             | 2023-03-25 15:23:49.315863+00 |            |             |              | Activity        | LogicalLauncherMain |       |             |              |          |       | logical replication launcher
       |         |   28 |            |          |          |                  |             |                 |             | 2023-03-25 12:22:59.89752+00  |            |             |              | Activity        | BgWriterMain        |       |             |              |          |       | background writer
       |         | 3852 |            |          |          |                  |             |                 |             | 2023-03-25 15:23:49.316099+00 |            |             |              | Activity        | ArchiverMain        |       |             |              |          |       | archiver
       |         |   27 |            |          |          |                  |             |                 |             | 2023-03-25 12:22:59.897003+00 |            |             |              | Activity        | CheckpointerMain    |       |             |              |          |       | checkpointer
       |         | 3850 |            |          |          |                  |             |                 |             | 2023-03-25 15:23:49.31325+00  |            |             |              | Activity        | WalWriterMain       |       |             |              |          |       | walwriter
(6 rows)
[Sat 25 Mar 2023 03:23:51 PM UTC]: check psql connections
 datid | datname | pid  | leader_pid | usesysid | usename  | application_name | client_addr | client_hostname | client_port |         backend_start         | xact_start | query_start | state_change | wait_event_type |     wait_event      | state | backend_xid | backend_xmin | query_id | query |         backend_type         
-------+---------+------+------------+----------+----------+------------------+-------------+-----------------+-------------+-------------------------------+------------+-------------+--------------+-----------------+---------------------+-------+-------------+--------------+----------+-------+------------------------------
       |         | 3851 |            |          |          |                  |             |                 |             | 2023-03-25 15:23:49.313812+00 |            |             |              | Activity        | AutoVacuumMain      |       |             |              |          |       | autovacuum launcher
       |         | 3853 |            |       10 | postgres |                  |             |                 |             | 2023-03-25 15:23:49.315863+00 |            |             |              | Activity        | LogicalLauncherMain |       |             |              |          |       | logical replication launcher
       |         |   28 |            |          |          |                  |             |                 |             | 2023-03-25 12:22:59.89752+00  |            |             |              | Activity        | BgWriterHibernate   |       |             |              |          |       | background writer
       |         | 3852 |            |          |          |                  |             |                 |             | 2023-03-25 15:23:49.316099+00 |            |             |              | Activity        | ArchiverMain        |       |             |              |          |       | archiver
       |         |   27 |            |          |          |                  |             |                 |             | 2023-03-25 12:22:59.897003+00 |            |             |              | Activity        | CheckpointerMain    |       |             |              |          |       | checkpointer
       |         | 3850 |            |          |          |                  |             |                 |             | 2023-03-25 15:23:49.31325+00  |            |             |              | Activity        | WalWriterMain       |       |             |              |          |       | walwriter
(6 rows)
[Sat 25 Mar 2023 03:23:52 PM UTC]: check psql connections
 datid | datname | pid  | leader_pid | usesysid | usename  | application_name | client_addr | client_hostname | client_port |         backend_start         | xact_start | query_start | state_change | wait_event_type |     wait_event      | state | backend_xid | backend_xmin | query_id | query |         backend_type         
-------+---------+------+------------+----------+----------+------------------+-------------+-----------------+-------------+-------------------------------+------------+-------------+--------------+-----------------+---------------------+-------+-------------+--------------+----------+-------+------------------------------
       |         | 3851 |            |          |          |                  |             |                 |             | 2023-03-25 15:23:49.313812+00 |            |             |              | Activity        | AutoVacuumMain      |       |             |              |          |       | autovacuum launcher
       |         | 3853 |            |       10 | postgres |                  |             |                 |             | 2023-03-25 15:23:49.315863+00 |            |             |              | Activity        | LogicalLauncherMain |       |             |              |          |       | logical replication launcher
       |         |   28 |            |          |          |                  |             |                 |             | 2023-03-25 12:22:59.89752+00  |            |             |              | Activity        | BgWriterMain        |       |             |              |          |       | background writer
       |         | 3852 |            |          |          |                  |             |                 |             | 2023-03-25 15:23:49.316099+00 |            |             |              | Activity        | ArchiverMain        |       |             |              |          |       | archiver
       |         |   27 |            |          |          |                  |             |                 |             | 2023-03-25 12:22:59.897003+00 |            |             |              | Activity        | CheckpointerMain    |       |             |              |          |       | checkpointer
       |         | 3850 |            |          |          |                  |             |                 |             | 2023-03-25 15:23:49.31325+00  |            |             |              | Activity        | WalWriterMain       |       |             |              |          |       | walwriter
(6 rows)
[Sat 25 Mar 2023 03:23:53 PM UTC]: check psql connections
 datid | datname | pid  | leader_pid | usesysid | usename  | application_name | client_addr | client_hostname | client_port |         backend_start         | xact_start | query_start | state_change | wait_event_type |     wait_event      | state | backend_xid | backend_xmin | query_id | query |         backend_type         
-------+---------+------+------------+----------+----------+------------------+-------------+-----------------+-------------+-------------------------------+------------+-------------+--------------+-----------------+---------------------+-------+-------------+--------------+----------+-------+------------------------------
       |         | 3851 |            |          |          |                  |             |                 |             | 2023-03-25 15:23:49.313812+00 |            |             |              | Activity        | AutoVacuumMain      |       |             |              |          |       | autovacuum launcher
       |         | 3853 |            |       10 | postgres |                  |             |                 |             | 2023-03-25 15:23:49.315863+00 |            |             |              | Activity        | LogicalLauncherMain |       |             |              |          |       | logical replication launcher
       |         |   28 |            |          |          |                  |             |                 |             | 2023-03-25 12:22:59.89752+00  |            |             |              | Activity        | BgWriterHibernate   |       |             |              |          |       | background writer
       |         | 3852 |            |          |          |                  |             |                 |             | 2023-03-25 15:23:49.316099+00 |            |             |              | Activity        | ArchiverMain        |       |             |              |          |       | archiver
       |         |   27 |            |          |          |                  |             |                 |             | 2023-03-25 12:22:59.897003+00 |            |             |              | Activity        | CheckpointerMain    |       |             |              |          |       | checkpointer
       |         | 3850 |            |          |          |                  |             |                 |             | 2023-03-25 15:23:49.31325+00  |            |             |              | Activity        | WalWriterMain       |       |             |              |          |       | walwriter
(6 rows)
[Sat 25 Mar 2023 03:24:09 PM UTC]: check psql connections
 datid | datname | pid  | leader_pid | usesysid | usename  | application_name | client_addr | client_hostname | client_port |         backend_start         | xact_start | query_start | state_change | wait_event_type |     wait_event      | state | backend_xid | backend_xmin | query_id | query |         backend_type         
-------+---------+------+------------+----------+----------+------------------+-------------+-----------------+-------------+-------------------------------+------------+-------------+--------------+-----------------+---------------------+-------+-------------+--------------+----------+-------+------------------------------
       |         | 3851 |            |          |          |                  |             |                 |             | 2023-03-25 15:23:49.313812+00 |            |             |              | Activity        | AutoVacuumMain      |       |             |              |          |       | autovacuum launcher
       |         | 3853 |            |       10 | postgres |                  |             |                 |             | 2023-03-25 15:23:49.315863+00 |            |             |              | Activity        | LogicalLauncherMain |       |             |              |          |       | logical replication launcher
       |         |   28 |            |          |          |                  |             |                 |             | 2023-03-25 12:22:59.89752+00  |            |             |              | Activity        | BgWriterMain        |       |             |              |          |       | background writer
       |         | 3852 |            |          |          |                  |             |                 |             | 2023-03-25 15:23:49.316099+00 |            |             |              | Activity        | ArchiverMain        |       |             |              |          |       | archiver
       |         |   27 |            |          |          |                  |             |                 |             | 2023-03-25 12:22:59.897003+00 |            |             |              | Activity        | CheckpointerMain    |       |             |              |          |       | checkpointer
       |         | 3850 |            |          |          |                  |             |                 |             | 2023-03-25 15:23:49.31325+00  |            |             |              | Activity        | WalWriterMain       |       |             |              |          |       | walwriter
(6 rows)
[Sat 25 Mar 2023 03:24:10 PM UTC]: check psql connections
 datid | datname | pid  | leader_pid | usesysid | usename  | application_name | client_addr | client_hostname | client_port |         backend_start         | xact_start | query_start | state_change | wait_event_type |     wait_event      | state | backend_xid | backend_xmin | query_id | query |         backend_type         
-------+---------+------+------------+----------+----------+------------------+-------------+-----------------+-------------+-------------------------------+------------+-------------+--------------+-----------------+---------------------+-------+-------------+--------------+----------+-------+------------------------------
       |         | 3851 |            |          |          |                  |             |                 |             | 2023-03-25 15:23:49.313812+00 |            |             |              | Activity        | AutoVacuumMain      |       |             |              |          |       | autovacuum launcher
       |         | 3853 |            |       10 | postgres |                  |             |                 |             | 2023-03-25 15:23:49.315863+00 |            |             |              | Activity        | LogicalLauncherMain |       |             |              |          |       | logical replication launcher
       |         |   28 |            |          |          |                  |             |                 |             | 2023-03-25 12:22:59.89752+00  |            |             |              | Activity        | BgWriterHibernate   |       |             |              |          |       | background writer
       |         | 3852 |            |          |          |                  |             |                 |             | 2023-03-25 15:23:49.316099+00 |            |             |              | Activity        | ArchiverMain        |       |             |              |          |       | archiver
       |         |   27 |            |          |          |                  |             |                 |             | 2023-03-25 12:22:59.897003+00 |            |             |              | Activity        | CheckpointerMain    |       |             |              |          |       | checkpointer
       |         | 3850 |            |          |          |                  |             |                 |             | 2023-03-25 15:23:49.31325+00  |            |             |              | Activity        | WalWriterMain       |       |             |              |          |       | walwriter
(6 rows)
[Sat 25 Mar 2023 03:24:20 PM UTC]: check psql connections
 datid | datname | pid  | leader_pid | usesysid | usename  | application_name | client_addr | client_hostname | client_port |         backend_start         | xact_start | query_start | state_change | wait_event_type |     wait_event      | state | backend_xid | backend_xmin | query_id | query |         backend_type         
-------+---------+------+------------+----------+----------+------------------+-------------+-----------------+-------------+-------------------------------+------------+-------------+--------------+-----------------+---------------------+-------+-------------+--------------+----------+-------+------------------------------
       |         | 3851 |            |          |          |                  |             |                 |             | 2023-03-25 15:23:49.313812+00 |            |             |              | Activity        | AutoVacuumMain      |       |             |              |          |       | autovacuum launcher
       |         | 3853 |            |       10 | postgres |                  |             |                 |             | 2023-03-25 15:23:49.315863+00 |            |             |              | Activity        | LogicalLauncherMain |       |             |              |          |       | logical replication launcher
       |         |   28 |            |          |          |                  |             |                 |             | 2023-03-25 12:22:59.89752+00  |            |             |              | Activity        | BgWriterMain        |       |             |              |          |       | background writer
       |         | 3852 |            |          |          |                  |             |                 |             | 2023-03-25 15:23:49.316099+00 |            |             |              | Activity        | ArchiverMain        |       |             |              |          |       | archiver
       |         |   27 |            |          |          |                  |             |                 |             | 2023-03-25 12:22:59.897003+00 |            |             |              | Activity        | CheckpointerMain    |       |             |              |          |       | checkpointer
       |         | 3850 |            |          |          |                  |             |                 |             | 2023-03-25 15:23:49.31325+00  |            |             |              | Activity        | WalWriterMain       |       |             |              |          |       | walwriter
(6 rows)
[Sat 25 Mar 2023 03:24:21 PM UTC]: check psql connections
 datid | datname | pid  | leader_pid | usesysid | usename  | application_name | client_addr | client_hostname | client_port |         backend_start         | xact_start | query_start | state_change | wait_event_type |     wait_event      | state | backend_xid | backend_xmin | query_id | query |         backend_type         
-------+---------+------+------------+----------+----------+------------------+-------------+-----------------+-------------+-------------------------------+------------+-------------+--------------+-----------------+---------------------+-------+-------------+--------------+----------+-------+------------------------------
       |         | 3851 |            |          |          |                  |             |                 |             | 2023-03-25 15:23:49.313812+00 |            |             |              | Activity        | AutoVacuumMain      |       |             |              |          |       | autovacuum launcher
       |         | 3853 |            |       10 | postgres |                  |             |                 |             | 2023-03-25 15:23:49.315863+00 |            |             |              | Activity        | LogicalLauncherMain |       |             |              |          |       | logical replication launcher
       |         |   28 |            |          |          |                  |             |                 |             | 2023-03-25 12:22:59.89752+00  |            |             |              | Activity        | BgWriterHibernate   |       |             |              |          |       | background writer
       |         | 3852 |            |          |          |                  |             |                 |             | 2023-03-25 15:23:49.316099+00 |            |             |              | Activity        | ArchiverMain        |       |             |              |          |       | archiver
       |         |   27 |            |          |          |                  |             |                 |             | 2023-03-25 12:22:59.897003+00 |            |             |              | Activity        | CheckpointerMain    |       |             |              |          |       | checkpointer
       |         | 3850 |            |          |          |                  |             |                 |             | 2023-03-25 15:23:49.31325+00  |            |             |              | Activity        | WalWriterMain       |       |             |              |          |       | walwriter
(6 rows)
[Sat 25 Mar 2023 03:24:29 PM UTC]: check psql connections
 datid | datname | pid  | leader_pid | usesysid | usename  | application_name | client_addr | client_hostname | client_port |         backend_start         | xact_start | query_start | state_change | wait_event_type |     wait_event      | state | backend_xid | backend_xmin | query_id | query |         backend_type         
-------+---------+------+------------+----------+----------+------------------+-------------+-----------------+-------------+-------------------------------+------------+-------------+--------------+-----------------+---------------------+-------+-------------+--------------+----------+-------+------------------------------
       |         | 3851 |            |          |          |                  |             |                 |             | 2023-03-25 15:23:49.313812+00 |            |             |              | Activity        | AutoVacuumMain      |       |             |              |          |       | autovacuum launcher
       |         | 3853 |            |       10 | postgres |                  |             |                 |             | 2023-03-25 15:23:49.315863+00 |            |             |              | Activity        | LogicalLauncherMain |       |             |              |          |       | logical replication launcher
       |         |   28 |            |          |          |                  |             |                 |             | 2023-03-25 12:22:59.89752+00  |            |             |              | Activity        | BgWriterMain        |       |             |              |          |       | background writer
       |         | 3852 |            |          |          |                  |             |                 |             | 2023-03-25 15:23:49.316099+00 |            |             |              | Activity        | ArchiverMain        |       |             |              |          |       | archiver
       |         |   27 |            |          |          |                  |             |                 |             | 2023-03-25 12:22:59.897003+00 |            |             |              | Activity        | CheckpointerMain    |       |             |              |          |       | checkpointer
       |         | 3850 |            |          |          |                  |             |                 |             | 2023-03-25 15:23:49.31325+00  |            |             |              | Activity        | WalWriterMain       |       |             |              |          |       | walwriter
(6 rows)
[Sat 25 Mar 2023 03:24:30 PM UTC]: check psql connections
 datid | datname | pid  | leader_pid | usesysid | usename  | application_name | client_addr | client_hostname | client_port |         backend_start         | xact_start | query_start | state_change | wait_event_type |     wait_event      | state | backend_xid | backend_xmin | query_id | query |         backend_type         
-------+---------+------+------------+----------+----------+------------------+-------------+-----------------+-------------+-------------------------------+------------+-------------+--------------+-----------------+---------------------+-------+-------------+--------------+----------+-------+------------------------------
       |         | 3851 |            |          |          |                  |             |                 |             | 2023-03-25 15:23:49.313812+00 |            |             |              | Activity        | AutoVacuumMain      |       |             |              |          |       | autovacuum launcher
       |         | 3853 |            |       10 | postgres |                  |             |                 |             | 2023-03-25 15:23:49.315863+00 |            |             |              | Activity        | LogicalLauncherMain |       |             |              |          |       | logical replication launcher
       |         |   28 |            |          |          |                  |             |                 |             | 2023-03-25 12:22:59.89752+00  |            |             |              | Activity        | BgWriterHibernate   |       |             |              |          |       | background writer
       |         | 3852 |            |          |          |                  |             |                 |             | 2023-03-25 15:23:49.316099+00 |            |             |              | Activity        | ArchiverMain        |       |             |              |          |       | archiver
       |         |   27 |            |          |          |                  |             |                 |             | 2023-03-25 12:22:59.897003+00 |            |             |              | Activity        | CheckpointerMain    |       |             |              |          |       | checkpointer
       |         | 3850 |            |          |          |                  |             |                 |             | 2023-03-25 15:23:49.31325+00  |            |             |              | Activity        | WalWriterMain       |       |             |              |          |       | walwriter
(6 rows)
[Sat 25 Mar 2023 03:24:40 PM UTC]: check psql connections
 datid | datname | pid  | leader_pid | usesysid | usename  | application_name | client_addr | client_hostname | client_port |         backend_start         | xact_start | query_start | state_change | wait_event_type |     wait_event      | state | backend_xid | backend_xmin | query_id | query |         backend_type         
-------+---------+------+------------+----------+----------+------------------+-------------+-----------------+-------------+-------------------------------+------------+-------------+--------------+-----------------+---------------------+-------+-------------+--------------+----------+-------+------------------------------
       |         | 3851 |            |          |          |                  |             |                 |             | 2023-03-25 15:23:49.313812+00 |            |             |              | Activity        | AutoVacuumMain      |       |             |              |          |       | autovacuum launcher
       |         | 3853 |            |       10 | postgres |                  |             |                 |             | 2023-03-25 15:23:49.315863+00 |            |             |              | Activity        | LogicalLauncherMain |       |             |              |          |       | logical replication launcher
       |         |   28 |            |          |          |                  |             |                 |             | 2023-03-25 12:22:59.89752+00  |            |             |              | Activity        | BgWriterMain        |       |             |              |          |       | background writer
       |         | 3852 |            |          |          |                  |             |                 |             | 2023-03-25 15:23:49.316099+00 |            |             |              | Activity        | ArchiverMain        |       |             |              |          |       | archiver
       |         |   27 |            |          |          |                  |             |                 |             | 2023-03-25 12:22:59.897003+00 |            |             |              | Activity        | CheckpointerMain    |       |             |              |          |       | checkpointer
       |         | 3850 |            |          |          |                  |             |                 |             | 2023-03-25 15:23:49.31325+00  |            |             |              | Activity        | WalWriterMain       |       |             |              |          |       | walwriter
(6 rows)
[Sat 25 Mar 2023 03:24:41 PM UTC]: check psql connections
 datid | datname | pid  | leader_pid | usesysid | usename  | application_name | client_addr | client_hostname | client_port |         backend_start         | xact_start | query_start | state_change | wait_event_type |     wait_event      | state | backend_xid | backend_xmin | query_id | query |         backend_type         
-------+---------+------+------------+----------+----------+------------------+-------------+-----------------+-------------+-------------------------------+------------+-------------+--------------+-----------------+---------------------+-------+-------------+--------------+----------+-------+------------------------------
       |         | 3851 |            |          |          |                  |             |                 |             | 2023-03-25 15:23:49.313812+00 |            |             |              | Activity        | AutoVacuumMain      |       |             |              |          |       | autovacuum launcher
       |         | 3853 |            |       10 | postgres |                  |             |                 |             | 2023-03-25 15:23:49.315863+00 |            |             |              | Activity        | LogicalLauncherMain |       |             |              |          |       | logical replication launcher
       |         |   28 |            |          |          |                  |             |                 |             | 2023-03-25 12:22:59.89752+00  |            |             |              | Activity        | BgWriterHibernate   |       |             |              |          |       | background writer
       |         | 3852 |            |          |          |                  |             |                 |             | 2023-03-25 15:23:49.316099+00 |            |             |              | Activity        | ArchiverMain        |       |             |              |          |       | archiver
       |         |   27 |            |          |          |                  |             |                 |             | 2023-03-25 12:22:59.897003+00 |            |             |              | Activity        | CheckpointerMain    |       |             |              |          |       | checkpointer
       |         | 3850 |            |          |          |                  |             |                 |             | 2023-03-25 15:23:49.31325+00  |            |             |              | Activity        | WalWriterMain       |       |             |              |          |       | walwriter
(6 rows)
[Sat 25 Mar 2023 03:24:49 PM UTC]: check psql connections
 datid | datname | pid  | leader_pid | usesysid | usename  | application_name | client_addr | client_hostname | client_port |         backend_start         | xact_start | query_start | state_change | wait_event_type |     wait_event      | state | backend_xid | backend_xmin | query_id | query |         backend_type         
-------+---------+------+------------+----------+----------+------------------+-------------+-----------------+-------------+-------------------------------+------------+-------------+--------------+-----------------+---------------------+-------+-------------+--------------+----------+-------+------------------------------
       |         | 3851 |            |          |          |                  |             |                 |             | 2023-03-25 15:23:49.313812+00 |            |             |              | Activity        | AutoVacuumMain      |       |             |              |          |       | autovacuum launcher
       |         | 3853 |            |       10 | postgres |                  |             |                 |             | 2023-03-25 15:23:49.315863+00 |            |             |              | Activity        | LogicalLauncherMain |       |             |              |          |       | logical replication launcher
       |         |   28 |            |          |          |                  |             |                 |             | 2023-03-25 12:22:59.89752+00  |            |             |              | Activity        | BgWriterMain        |       |             |              |          |       | background writer
       |         | 3852 |            |          |          |                  |             |                 |             | 2023-03-25 15:23:49.316099+00 |            |             |              | Activity        | ArchiverMain        |       |             |              |          |       | archiver
       |         |   27 |            |          |          |                  |             |                 |             | 2023-03-25 12:22:59.897003+00 |            |             |              | Activity        | CheckpointerMain    |       |             |              |          |       | checkpointer
       |         | 3850 |            |          |          |                  |             |                 |             | 2023-03-25 15:23:49.31325+00  |            |             |              | Activity        | WalWriterMain       |       |             |              |          |       | walwriter
(6 rows)
[Sat 25 Mar 2023 03:24:50 PM UTC]: check psql connections
 datid | datname | pid  | leader_pid | usesysid | usename  | application_name | client_addr | client_hostname | client_port |         backend_start         | xact_start | query_start | state_change | wait_event_type |     wait_event      | state | backend_xid | backend_xmin | query_id | query |         backend_type         
-------+---------+------+------------+----------+----------+------------------+-------------+-----------------+-------------+-------------------------------+------------+-------------+--------------+-----------------+---------------------+-------+-------------+--------------+----------+-------+------------------------------
       |         | 3851 |            |          |          |                  |             |                 |             | 2023-03-25 15:23:49.313812+00 |            |             |              | Activity        | AutoVacuumMain      |       |             |              |          |       | autovacuum launcher
       |         | 3853 |            |       10 | postgres |                  |             |                 |             | 2023-03-25 15:23:49.315863+00 |            |             |              | Activity        | LogicalLauncherMain |       |             |              |          |       | logical replication launcher
       |         |   28 |            |          |          |                  |             |                 |             | 2023-03-25 12:22:59.89752+00  |            |             |              | Activity        | BgWriterHibernate   |       |             |              |          |       | background writer
       |         | 3852 |            |          |          |                  |             |                 |             | 2023-03-25 15:23:49.316099+00 |            |             |              | Activity        | ArchiverMain        |       |             |              |          |       | archiver
       |         |   27 |            |          |          |                  |             |                 |             | 2023-03-25 12:22:59.897003+00 |            |             |              | Activity        | CheckpointerMain    |       |             |              |          |       | checkpointer
       |         | 3850 |            |          |          |                  |             |                 |             | 2023-03-25 15:23:49.31325+00  |            |             |              | Activity        | WalWriterMain       |       |             |              |          |       | walwriter
(6 rows)
[Sat 25 Mar 2023 03:25:10 PM UTC]: check psql connections
 datid | datname | pid  | leader_pid | usesysid | usename  | application_name | client_addr | client_hostname | client_port |         backend_start         | xact_start | query_start | state_change | wait_event_type |     wait_event      | state | backend_xid | backend_xmin | query_id | query |         backend_type         
-------+---------+------+------------+----------+----------+------------------+-------------+-----------------+-------------+-------------------------------+------------+-------------+--------------+-----------------+---------------------+-------+-------------+--------------+----------+-------+------------------------------
       |         | 3851 |            |          |          |                  |             |                 |             | 2023-03-25 15:23:49.313812+00 |            |             |              | Activity        | AutoVacuumMain      |       |             |              |          |       | autovacuum launcher
       |         | 3853 |            |       10 | postgres |                  |             |                 |             | 2023-03-25 15:23:49.315863+00 |            |             |              | Activity        | LogicalLauncherMain |       |             |              |          |       | logical replication launcher
       |         |   28 |            |          |          |                  |             |                 |             | 2023-03-25 12:22:59.89752+00  |            |             |              | Activity        | BgWriterMain        |       |             |              |          |       | background writer
       |         | 3852 |            |          |          |                  |             |                 |             | 2023-03-25 15:23:49.316099+00 |            |             |              | Activity        | ArchiverMain        |       |             |              |          |       | archiver
       |         |   27 |            |          |          |                  |             |                 |             | 2023-03-25 12:22:59.897003+00 |            |             |              | Activity        | CheckpointerMain    |       |             |              |          |       | checkpointer
       |         | 3850 |            |          |          |                  |             |                 |             | 2023-03-25 15:23:49.31325+00  |            |             |              | Activity        | WalWriterMain       |       |             |              |          |       | walwriter
(6 rows)
[Sat 25 Mar 2023 03:25:11 PM UTC]: check psql connections
 datid | datname | pid  | leader_pid | usesysid | usename  | application_name | client_addr | client_hostname | client_port |         backend_start         | xact_start | query_start | state_change | wait_event_type |     wait_event      | state | backend_xid | backend_xmin | query_id | query |         backend_type         
-------+---------+------+------------+----------+----------+------------------+-------------+-----------------+-------------+-------------------------------+------------+-------------+--------------+-----------------+---------------------+-------+-------------+--------------+----------+-------+------------------------------
       |         | 3851 |            |          |          |                  |             |                 |             | 2023-03-25 15:23:49.313812+00 |            |             |              | Activity        | AutoVacuumMain      |       |             |              |          |       | autovacuum launcher
       |         | 3853 |            |       10 | postgres |                  |             |                 |             | 2023-03-25 15:23:49.315863+00 |            |             |              | Activity        | LogicalLauncherMain |       |             |              |          |       | logical replication launcher
       |         |   28 |            |          |          |                  |             |                 |             | 2023-03-25 12:22:59.89752+00  |            |             |              | Activity        | BgWriterHibernate   |       |             |              |          |       | background writer
       |         | 3852 |            |          |          |                  |             |                 |             | 2023-03-25 15:23:49.316099+00 |            |             |              | Activity        | ArchiverMain        |       |             |              |          |       | archiver
       |         |   27 |            |          |          |                  |             |                 |             | 2023-03-25 12:22:59.897003+00 |            |             |              | Activity        | CheckpointerMain    |       |             |              |          |       | checkpointer
       |         | 3850 |            |          |          |                  |             |                 |             | 2023-03-25 15:23:49.31325+00  |            |             |              | Activity        | WalWriterMain       |       |             |              |          |       | walwriter
(6 rows)
[Sat 25 Mar 2023 03:25:59 PM UTC]: check psql connections
 datid | datname  | pid  | leader_pid | usesysid |      usename      | application_name  | client_addr | client_hostname | client_port |         backend_start         |          xact_start           |          query_start          |         state_change          | wait_event_type |     wait_event      | state  | backend_xid | backend_xmin | query_id |                                     query                                      |         backend_type         
-------+----------+------+------------+----------+-------------------+-------------------+-------------+-----------------+-------------+-------------------------------+-------------------------------+-------------------------------+-------------------------------+-----------------+---------------------+--------+-------------+--------------+----------+--------------------------------------------------------------------------------+------------------------------
       |          | 3851 |            |          |                   |                   |             |                 |             | 2023-03-25 15:23:49.313812+00 |                               |                               |                               | Activity        | AutoVacuumMain      |        |             |              |          |                                                                                | autovacuum launcher
       |          | 3853 |            |       10 | postgres          |                   |             |                 |             | 2023-03-25 15:23:49.315863+00 |                               |                               |                               | Activity        | LogicalLauncherMain |        |             |              |          |                                                                                | logical replication launcher
     5 | postgres | 5189 |            |    16386 | streaming_replica | cluster-example-3 | 10.40.3.202 |                 |       36626 | 2023-03-25 15:25:58.544459+00 | 2023-03-25 15:25:58.717675+00 | 2023-03-25 15:25:58.717675+00 | 2023-03-25 15:25:58.717676+00 |                 |                     | active |             |          752 |          | WITH RECURSIVE files (path, filename, size, isdir) AS (                       +| client backend
       |          |      |            |          |                   |                   |             |                 |             |                               |                               |                               |                               |                 |                     |        |             |              |          |   SELECT '' AS path, filename, size, isdir FROM                               +| 
       |          |      |            |          |                   |                   |             |                 |             |                               |                               |                               |                               |                 |                     |        |             |              |          |   (SELECT pg_ls_dir('.', true, false) AS filename) AS fn,                     +| 
       |          |      |            |          |                   |                   |             |                 |             |                               |                               |                               |                               |                 |                     |        |             |              |          |         pg_stat_file(fn.filename, true) AS this                               +| 
       |          |      |            |          |                   |                   |             |                 |             |                               |                               |                               |                               |                 |                     |        |             |              |          |   UNION ALL                                                                   +| 
       |          |      |            |          |                   |                   |             |                 |             |                               |                               |                               |                               |                 |                     |        |             |              |          |   SELECT parent.path || parent.filename || '/' AS path,                       +| 
       |          |      |            |          |                   |                   |             |                 |             |                               |                               |                               |                               |                 |                     |        |             |              |          |          fn, this.size, this.isdir                                            +| 
       |          |      |            |          |                   |                   |             |                 |             |                               |                               |                               |                               |                 |                     |        |             |              |          |   FROM files AS parent,                                                       +| 
       |          |      |            |          |                   |                   |             |                 |             |                               |                               |                               |                               |                 |                     |        |             |              |          |        pg_ls_dir(parent.path || parent.filename, true, false) AS fn,          +| 
       |          |      |            |          |                   |                   |             |                 |             |                               |                               |                               |                               |                 |                     |        |             |              |          |        pg_stat_file(parent.path || parent.filename || '/' || fn, true) AS this+| 
       |          |      |            |          |                   |                   |             |                 |             |                               |                               |                               |                               |                 |                     |        |             |              |          |        WHERE parent.isdir = 't'                                               +| 
       |          |      |            |          |                   |                   |             |                 |             |                               |                               |                               |                               |                 |                     |        |             |              |          | )                                                                             +| 
       |          |      |            |          |                   |                   |             |                 |             |                               |                               |                               |                               |                 |                     |        |             |              |          | SELECT path || filename, size, isdir,                                         +| 
       |          |      |            |          |                   |                   |             |                 |             |                               |                               |                               |                               |                 |                     |        |             |              |          |        pg_tablespace_location(pg_tablespace.oid) AS link_target               +| 
       |          |      |            |          |                   |                   |             |                 |             |                               |                               |                               |                               |                 |                     |        |             |              |          | FROM files                                                                    +| 
       |          |      |            |          |                   |                   |             |                 |             |                               |                               |                               |                               |                 |                     |        |             |              |          | LEFT OUTER JOIN pg_tablespace ON files.path = 'pg_tblspc/'                    +| 
       |          |      |            |          |                   |                   |             |                 |             |                               |                               |                               |                               |                 |                     |        |             |              |          |                              AND oid::text = files.filename                   +| 
       |          |      |            |          |                   |                   |             |                 |             |                               |                               |                               |                               |                 |                     |        |             |              |          |                                                                                | 
       |          |   28 |            |          |                   |                   |             |                 |             | 2023-03-25 12:22:59.89752+00  |                               |                               |                               | Activity        | BgWriterMain        |        |             |              |          |                                                                                | background writer
       |          | 3852 |            |          |                   |                   |             |                 |             | 2023-03-25 15:23:49.316099+00 |                               |                               |                               | Activity        | ArchiverMain        |        |             |              |          |                                                                                | archiver
       |          |   27 |            |          |                   |                   |             |                 |             | 2023-03-25 12:22:59.897003+00 |                               |                               |                               | Activity        | CheckpointerMain    |        |             |              |          |                                                                                | checkpointer
       |          | 3850 |            |          |                   |                   |             |                 |             | 2023-03-25 15:23:49.31325+00  |                               |                               |                               | Activity        | WalWriterMain       |        |             |              |          |                                                                                | walwriter
(7 rows)
[Sat 25 Mar 2023 03:26:00 PM UTC]: check psql connections
 datid | datname  | pid  | leader_pid | usesysid |      usename      | application_name  | client_addr | client_hostname | client_port |         backend_start         |          xact_start           |          query_start          |         state_change          | wait_event_type |     wait_event      | state  | backend_xid | backend_xmin | query_id |                                     query                                      |         backend_type         
-------+----------+------+------------+----------+-------------------+-------------------+-------------+-----------------+-------------+-------------------------------+-------------------------------+-------------------------------+-------------------------------+-----------------+---------------------+--------+-------------+--------------+----------+--------------------------------------------------------------------------------+------------------------------
       |          | 3851 |            |          |                   |                   |             |                 |             | 2023-03-25 15:23:49.313812+00 |                               |                               |                               | Activity        | AutoVacuumMain      |        |             |              |          |                                                                                | autovacuum launcher
       |          | 3853 |            |       10 | postgres          |                   |             |                 |             | 2023-03-25 15:23:49.315863+00 |                               |                               |                               | Activity        | LogicalLauncherMain |        |             |              |          |                                                                                | logical replication launcher
     5 | postgres | 5189 |            |    16386 | streaming_replica | cluster-example-3 | 10.40.3.202 |                 |       36626 | 2023-03-25 15:25:58.544459+00 | 2023-03-25 15:25:58.717675+00 | 2023-03-25 15:25:58.717675+00 | 2023-03-25 15:25:58.717676+00 |                 |                     | active |             |          752 |          | WITH RECURSIVE files (path, filename, size, isdir) AS (                       +| client backend
       |          |      |            |          |                   |                   |             |                 |             |                               |                               |                               |                               |                 |                     |        |             |              |          |   SELECT '' AS path, filename, size, isdir FROM                               +| 
       |          |      |            |          |                   |                   |             |                 |             |                               |                               |                               |                               |                 |                     |        |             |              |          |   (SELECT pg_ls_dir('.', true, false) AS filename) AS fn,                     +| 
       |          |      |            |          |                   |                   |             |                 |             |                               |                               |                               |                               |                 |                     |        |             |              |          |         pg_stat_file(fn.filename, true) AS this                               +| 
       |          |      |            |          |                   |                   |             |                 |             |                               |                               |                               |                               |                 |                     |        |             |              |          |   UNION ALL                                                                   +| 
       |          |      |            |          |                   |                   |             |                 |             |                               |                               |                               |                               |                 |                     |        |             |              |          |   SELECT parent.path || parent.filename || '/' AS path,                       +| 
       |          |      |            |          |                   |                   |             |                 |             |                               |                               |                               |                               |                 |                     |        |             |              |          |          fn, this.size, this.isdir                                            +| 
       |          |      |            |          |                   |                   |             |                 |             |                               |                               |                               |                               |                 |                     |        |             |              |          |   FROM files AS parent,                                                       +| 
       |          |      |            |          |                   |                   |             |                 |             |                               |                               |                               |                               |                 |                     |        |             |              |          |        pg_ls_dir(parent.path || parent.filename, true, false) AS fn,          +| 
       |          |      |            |          |                   |                   |             |                 |             |                               |                               |                               |                               |                 |                     |        |             |              |          |        pg_stat_file(parent.path || parent.filename || '/' || fn, true) AS this+| 
       |          |      |            |          |                   |                   |             |                 |             |                               |                               |                               |                               |                 |                     |        |             |              |          |        WHERE parent.isdir = 't'                                               +| 
       |          |      |            |          |                   |                   |             |                 |             |                               |                               |                               |                               |                 |                     |        |             |              |          | )                                                                             +| 
       |          |      |            |          |                   |                   |             |                 |             |                               |                               |                               |                               |                 |                     |        |             |              |          | SELECT path || filename, size, isdir,                                         +| 
       |          |      |            |          |                   |                   |             |                 |             |                               |                               |                               |                               |                 |                     |        |             |              |          |        pg_tablespace_location(pg_tablespace.oid) AS link_target               +| 
       |          |      |            |          |                   |                   |             |                 |             |                               |                               |                               |                               |                 |                     |        |             |              |          | FROM files                                                                    +| 
       |          |      |            |          |                   |                   |             |                 |             |                               |                               |                               |                               |                 |                     |        |             |              |          | LEFT OUTER JOIN pg_tablespace ON files.path = 'pg_tblspc/'                    +| 
       |          |      |            |          |                   |                   |             |                 |             |                               |                               |                               |                               |                 |                     |        |             |              |          |                              AND oid::text = files.filename                   +| 
       |          |      |            |          |                   |                   |             |                 |             |                               |                               |                               |                               |                 |                     |        |             |              |          |                                                                                | 
       |          |   28 |            |          |                   |                   |             |                 |             | 2023-03-25 12:22:59.89752+00  |                               |                               |                               | Activity        | BgWriterHibernate   |        |             |              |          |                                                                                | background writer
       |          | 3852 |            |          |                   |                   |             |                 |             | 2023-03-25 15:23:49.316099+00 |                               |                               |                               | Activity        | ArchiverMain        |        |             |              |          |                                                                                | archiver
       |          |   27 |            |          |                   |                   |             |                 |             | 2023-03-25 12:22:59.897003+00 |                               |                               |                               | Activity        | CheckpointerMain    |        |             |              |          |                                                                                | checkpointer
       |          | 3850 |            |          |                   |                   |             |                 |             | 2023-03-25 15:23:49.31325+00  |                               |                               |                               | Activity        | WalWriterMain       |        |             |              |          |                                                                                | walwriter
(7 rows)
[Sat 25 Mar 2023 03:26:02 PM UTC]: check psql connections
 datid | datname  | pid  | leader_pid | usesysid |      usename      | application_name  | client_addr | client_hostname | client_port |         backend_start         |          xact_start           |          query_start          |         state_change          | wait_event_type |     wait_event      | state  | backend_xid | backend_xmin | query_id |                                  query                                  |         backend_type         
-------+----------+------+------------+----------+-------------------+-------------------+-------------+-----------------+-------------+-------------------------------+-------------------------------+-------------------------------+-------------------------------+-----------------+---------------------+--------+-------------+--------------+----------+-------------------------------------------------------------------------+------------------------------
       |          | 3851 |            |          |                   |                   |             |                 |             | 2023-03-25 15:23:49.313812+00 |                               |                               |                               | Activity        | AutoVacuumMain      |        |             |              |          |                                                                         | autovacuum launcher
       |          | 3853 |            |       10 | postgres          |                   |             |                 |             | 2023-03-25 15:23:49.315863+00 |                               |                               |                               | Activity        | LogicalLauncherMain |        |             |              |          |                                                                         | logical replication launcher
     5 | postgres | 5189 |            |    16386 | streaming_replica | cluster-example-3 | 10.40.3.202 |                 |       36626 | 2023-03-25 15:25:58.544459+00 | 2023-03-25 15:26:02.305234+00 | 2023-03-25 15:26:02.307143+00 | 2023-03-25 15:26:02.307143+00 |                 |                     | active |             |          752 |          | SELECT path, begin,                                                    +| client backend
       |          |      |            |          |                   |                   |             |                 |             |                               |                               |                               |                               |                 |                     |        |             |              |          |   pg_read_binary_file(path, begin, len, true) AS chunk                 +| 
       |          |      |            |          |                   |                   |             |                 |             |                               |                               |                               |                               |                 |                     |        |             |              |          | FROM unnest ($1::text[], $2::int8[], $3::int4[]) as x(path, begin, len) | 
       |          |   28 |            |          |                   |                   |             |                 |             | 2023-03-25 12:22:59.89752+00  |                               |                               |                               | Activity        | BgWriterHibernate   |        |             |              |          |                                                                         | background writer
       |          | 3852 |            |          |                   |                   |             |                 |             | 2023-03-25 15:23:49.316099+00 |                               |                               |                               | Activity        | ArchiverMain        |        |             |              |          |                                                                         | archiver
       |          |   27 |            |          |                   |                   |             |                 |             | 2023-03-25 12:22:59.897003+00 |                               |                               |                               | Activity        | CheckpointerMain    |        |             |              |          |                                                                         | checkpointer
       |          | 3850 |            |          |                   |                   |             |                 |             | 2023-03-25 15:23:49.31325+00  |                               |                               |                               | Activity        | WalWriterMain       |        |             |              |          |                                                                         | walwriter
(7 rows)
[Sat 25 Mar 2023 03:26:04 PM UTC]: check psql connections
 datid | datname | pid  | leader_pid | usesysid | usename  | application_name | client_addr | client_hostname | client_port |         backend_start         | xact_start | query_start | state_change | wait_event_type |     wait_event      | state | backend_xid | backend_xmin | query_id | query |         backend_type         
-------+---------+------+------------+----------+----------+------------------+-------------+-----------------+-------------+-------------------------------+------------+-------------+--------------+-----------------+---------------------+-------+-------------+--------------+----------+-------+------------------------------
       |         | 3851 |            |          |          |                  |             |                 |             | 2023-03-25 15:23:49.313812+00 |            |             |              | Activity        | AutoVacuumMain      |       |             |              |          |       | autovacuum launcher
       |         | 3853 |            |       10 | postgres |                  |             |                 |             | 2023-03-25 15:23:49.315863+00 |            |             |              | Activity        | LogicalLauncherMain |       |             |              |          |       | logical replication launcher
       |         |   28 |            |          |          |                  |             |                 |             | 2023-03-25 12:22:59.89752+00  |            |             |              | Activity        | BgWriterHibernate   |       |             |              |          |       | background writer
       |         | 3852 |            |          |          |                  |             |                 |             | 2023-03-25 15:23:49.316099+00 |            |             |              | Activity        | ArchiverMain        |       |             |              |          |       | archiver
       |         |   27 |            |          |          |                  |             |                 |             | 2023-03-25 12:22:59.897003+00 |            |             |              | Activity        | CheckpointerMain    |       |             |              |          |       | checkpointer
       |         | 3850 |            |          |          |                  |             |                 |             | 2023-03-25 15:23:49.31325+00  |            |             |              | Activity        | WalWriterMain       |       |             |              |          |       | walwriter
(6 rows)
[Sat 25 Mar 2023 03:26:40 PM UTC]: check psql connections
 datid | datname | pid  | leader_pid | usesysid | usename  | application_name | client_addr | client_hostname | client_port |         backend_start         | xact_start | query_start | state_change | wait_event_type |     wait_event      | state | backend_xid | backend_xmin | query_id | query |         backend_type         
-------+---------+------+------------+----------+----------+------------------+-------------+-----------------+-------------+-------------------------------+------------+-------------+--------------+-----------------+---------------------+-------+-------------+--------------+----------+-------+------------------------------
       |         | 3851 |            |          |          |                  |             |                 |             | 2023-03-25 15:23:49.313812+00 |            |             |              | Activity        | AutoVacuumMain      |       |             |              |          |       | autovacuum launcher
       |         | 3853 |            |       10 | postgres |                  |             |                 |             | 2023-03-25 15:23:49.315863+00 |            |             |              | Activity        | LogicalLauncherMain |       |             |              |          |       | logical replication launcher
       |         |   28 |            |          |          |                  |             |                 |             | 2023-03-25 12:22:59.89752+00  |            |             |              | Activity        | BgWriterMain        |       |             |              |          |       | background writer
       |         | 3852 |            |          |          |                  |             |                 |             | 2023-03-25 15:23:49.316099+00 |            |             |              | Activity        | ArchiverMain        |       |             |              |          |       | archiver
       |         |   27 |            |          |          |                  |             |                 |             | 2023-03-25 12:22:59.897003+00 |            |             |              | Activity        | CheckpointerMain    |       |             |              |          |       | checkpointer
       |         | 3850 |            |          |          |                  |             |                 |             | 2023-03-25 15:23:49.31325+00  |            |             |              | Activity        | WalWriterMain       |       |             |              |          |       | walwriter
(6 rows)
[Sat 25 Mar 2023 03:26:41 PM UTC]: check psql connections
 datid | datname | pid  | leader_pid | usesysid | usename  | application_name | client_addr | client_hostname | client_port |         backend_start         | xact_start | query_start | state_change | wait_event_type |     wait_event      | state | backend_xid | backend_xmin | query_id | query |         backend_type         
-------+---------+------+------------+----------+----------+------------------+-------------+-----------------+-------------+-------------------------------+------------+-------------+--------------+-----------------+---------------------+-------+-------------+--------------+----------+-------+------------------------------
       |         | 3851 |            |          |          |                  |             |                 |             | 2023-03-25 15:23:49.313812+00 |            |             |              | Activity        | AutoVacuumMain      |       |             |              |          |       | autovacuum launcher
       |         | 3853 |            |       10 | postgres |                  |             |                 |             | 2023-03-25 15:23:49.315863+00 |            |             |              | Activity        | LogicalLauncherMain |       |             |              |          |       | logical replication launcher
       |         |   28 |            |          |          |                  |             |                 |             | 2023-03-25 12:22:59.89752+00  |            |             |              | Activity        | BgWriterHibernate   |       |             |              |          |       | background writer
       |         | 3852 |            |          |          |                  |             |                 |             | 2023-03-25 15:23:49.316099+00 |            |             |              | Activity        | ArchiverMain        |       |             |              |          |       | archiver
       |         |   27 |            |          |          |                  |             |                 |             | 2023-03-25 12:22:59.897003+00 |            |             |              | Activity        | CheckpointerMain    |       |             |              |          |       | checkpointer
       |         | 3850 |            |          |          |                  |             |                 |             | 2023-03-25 15:23:49.31325+00  |            |             |              | Activity        | WalWriterMain       |       |             |              |          |       | walwriter
(6 rows)
