[Mon 27 Mar 2023 07:00:24 PM UTC]: start mon psql connections

[Mon 27 Mar 2023 07:00:24 PM UTC]: check psql connections
 datid | datname | pid | leader_pid | usesysid | usename | application_name | client_addr | client_hostname | client_port |         backend_start         | xact_start | query_start | state_change | wait_event_type |    wait_event     | state | backend_xid | backend_xmin | query_id | query |   backend_type    
-------+---------+-----+------------+----------+---------+------------------+-------------+-----------------+-------------+-------------------------------+------------+-------------+--------------+-----------------+-------------------+-------+-------------+--------------+----------+-------+-------------------
       |         |  30 |            |          |         |                  |             |                 |             | 2023-03-27 18:44:24.980726+00 |            |             |              | Activity        | RecoveryWalStream |       |             |              |          |       | startup
       |         |  29 |            |          |         |                  |             |                 |             | 2023-03-27 18:44:24.980531+00 |            |             |              | Activity        | BgWriterMain      |       |             |              |          |       | background writer
       |         |  28 |            |          |         |                  |             |                 |             | 2023-03-27 18:44:24.980274+00 |            |             |              | Activity        | CheckpointerMain  |       |             |              |          |       | checkpointer
       |         | 118 |            |          |         |                  |             |                 |             | 2023-03-27 18:44:26.095839+00 |            |             |              | Activity        | WalReceiverMain   |       |             |              |          |       | walreceiver
(4 rows)
[Mon 27 Mar 2023 07:00:25 PM UTC]: check psql connections
 datid | datname | pid | leader_pid | usesysid | usename | application_name | client_addr | client_hostname | client_port |         backend_start         | xact_start | query_start | state_change | wait_event_type |    wait_event     | state | backend_xid | backend_xmin | query_id | query |   backend_type    
-------+---------+-----+------------+----------+---------+------------------+-------------+-----------------+-------------+-------------------------------+------------+-------------+--------------+-----------------+-------------------+-------+-------------+--------------+----------+-------+-------------------
       |         |  30 |            |          |         |                  |             |                 |             | 2023-03-27 18:44:24.980726+00 |            |             |              | Activity        | RecoveryWalStream |       |             |              |          |       | startup
       |         |  29 |            |          |         |                  |             |                 |             | 2023-03-27 18:44:24.980531+00 |            |             |              | Activity        | BgWriterHibernate |       |             |              |          |       | background writer
       |         |  28 |            |          |         |                  |             |                 |             | 2023-03-27 18:44:24.980274+00 |            |             |              | Activity        | CheckpointerMain  |       |             |              |          |       | checkpointer
       |         | 118 |            |          |         |                  |             |                 |             | 2023-03-27 18:44:26.095839+00 |            |             |              | Activity        | WalReceiverMain   |       |             |              |          |       | walreceiver
(4 rows)
[Mon 27 Mar 2023 07:01:05 PM UTC]: check psql connections
 datid | datname | pid | leader_pid | usesysid | usename | application_name | client_addr | client_hostname | client_port |         backend_start         | xact_start | query_start | state_change | wait_event_type |    wait_event     | state | backend_xid | backend_xmin | query_id | query |   backend_type    
-------+---------+-----+------------+----------+---------+------------------+-------------+-----------------+-------------+-------------------------------+------------+-------------+--------------+-----------------+-------------------+-------+-------------+--------------+----------+-------+-------------------
       |         |  30 |            |          |         |                  |             |                 |             | 2023-03-27 18:44:24.980726+00 |            |             |              | Activity        | RecoveryWalStream |       |             |              |          |       | startup
       |         |  29 |            |          |         |                  |             |                 |             | 2023-03-27 18:44:24.980531+00 |            |             |              | Activity        | BgWriterMain      |       |             |              |          |       | background writer
       |         |  28 |            |          |         |                  |             |                 |             | 2023-03-27 18:44:24.980274+00 |            |             |              | Activity        | CheckpointerMain  |       |             |              |          |       | checkpointer
       |         | 118 |            |          |         |                  |             |                 |             | 2023-03-27 18:44:26.095839+00 |            |             |              | Activity        | WalReceiverMain   |       |             |              |          |       | walreceiver
(4 rows)
[Mon 27 Mar 2023 07:01:06 PM UTC]: check psql connections
 datid | datname | pid | leader_pid | usesysid | usename | application_name | client_addr | client_hostname | client_port |         backend_start         | xact_start | query_start | state_change | wait_event_type |    wait_event     | state | backend_xid | backend_xmin | query_id | query |   backend_type    
-------+---------+-----+------------+----------+---------+------------------+-------------+-----------------+-------------+-------------------------------+------------+-------------+--------------+-----------------+-------------------+-------+-------------+--------------+----------+-------+-------------------
       |         |  30 |            |          |         |                  |             |                 |             | 2023-03-27 18:44:24.980726+00 |            |             |              | Activity        | RecoveryWalStream |       |             |              |          |       | startup
       |         |  29 |            |          |         |                  |             |                 |             | 2023-03-27 18:44:24.980531+00 |            |             |              | Activity        | BgWriterHibernate |       |             |              |          |       | background writer
       |         |  28 |            |          |         |                  |             |                 |             | 2023-03-27 18:44:24.980274+00 |            |             |              | Activity        | CheckpointerMain  |       |             |              |          |       | checkpointer
       |         | 118 |            |          |         |                  |             |                 |             | 2023-03-27 18:44:26.095839+00 |            |             |              | Activity        | WalReceiverMain   |       |             |              |          |       | walreceiver
(4 rows)
[Mon 27 Mar 2023 07:01:56 PM UTC]: check psql connections
 datid | datname | pid | leader_pid | usesysid | usename | application_name | client_addr | client_hostname | client_port |         backend_start         | xact_start | query_start | state_change | wait_event_type |    wait_event     | state | backend_xid | backend_xmin | query_id | query |   backend_type    
-------+---------+-----+------------+----------+---------+------------------+-------------+-----------------+-------------+-------------------------------+------------+-------------+--------------+-----------------+-------------------+-------+-------------+--------------+----------+-------+-------------------
       |         |  30 |            |          |         |                  |             |                 |             | 2023-03-27 18:44:24.980726+00 |            |             |              | Activity        | RecoveryWalStream |       |             |              |          |       | startup
       |         |  29 |            |          |         |                  |             |                 |             | 2023-03-27 18:44:24.980531+00 |            |             |              | Activity        | BgWriterMain      |       |             |              |          |       | background writer
       |         |  28 |            |          |         |                  |             |                 |             | 2023-03-27 18:44:24.980274+00 |            |             |              | Activity        | CheckpointerMain  |       |             |              |          |       | checkpointer
       |         | 118 |            |          |         |                  |             |                 |             | 2023-03-27 18:44:26.095839+00 |            |             |              | Activity        | WalReceiverMain   |       |             |              |          |       | walreceiver
(4 rows)
[Mon 27 Mar 2023 07:01:57 PM UTC]: check psql connections
 datid | datname | pid | leader_pid | usesysid | usename | application_name | client_addr | client_hostname | client_port |         backend_start         | xact_start | query_start | state_change | wait_event_type |    wait_event     | state | backend_xid | backend_xmin | query_id | query |   backend_type    
-------+---------+-----+------------+----------+---------+------------------+-------------+-----------------+-------------+-------------------------------+------------+-------------+--------------+-----------------+-------------------+-------+-------------+--------------+----------+-------+-------------------
       |         |  30 |            |          |         |                  |             |                 |             | 2023-03-27 18:44:24.980726+00 |            |             |              | Activity        | RecoveryWalStream |       |             |              |          |       | startup
       |         |  29 |            |          |         |                  |             |                 |             | 2023-03-27 18:44:24.980531+00 |            |             |              | Activity        | BgWriterHibernate |       |             |              |          |       | background writer
       |         |  28 |            |          |         |                  |             |                 |             | 2023-03-27 18:44:24.980274+00 |            |             |              | Activity        | CheckpointerMain  |       |             |              |          |       | checkpointer
       |         | 118 |            |          |         |                  |             |                 |             | 2023-03-27 18:44:26.095839+00 |            |             |              | Activity        | WalReceiverMain   |       |             |              |          |       | walreceiver
(4 rows)
[Mon 27 Mar 2023 07:02:21 PM UTC]: check psql connections
 datid | datname | pid  | leader_pid | usesysid | usename | application_name | client_addr | client_hostname | client_port |         backend_start         | xact_start | query_start | state_change | wait_event_type |       wait_event        | state | backend_xid | backend_xmin | query_id | query |   backend_type    
-------+---------+------+------------+----------+---------+------------------+-------------+-----------------+-------------+-------------------------------+------------+-------------+--------------+-----------------+-------------------------+-------+-------------+--------------+----------+-------+-------------------
       |         |   30 |            |          |         |                  |             |                 |             | 2023-03-27 18:44:24.980726+00 |            |             |              | Activity        | RecoveryWalStream       |       |             |              |          |       | startup
       |         |   29 |            |          |         |                  |             |                 |             | 2023-03-27 18:44:24.980531+00 |            |             |              | Activity        | BgWriterHibernate       |       |             |              |          |       | background writer
       |         |   28 |            |          |         |                  |             |                 |             | 2023-03-27 18:44:24.980274+00 |            |             |              | Activity        | CheckpointerMain        |       |             |              |          |       | checkpointer
       |         | 1265 |            |          |         |                  |             |                 |             | 2023-03-27 19:02:21.093296+00 |            |             |              | Client          | LibPQWalReceiverConnect |       |             |              |          |       | walreceiver
(4 rows)
[Mon 27 Mar 2023 07:02:23 PM UTC]: check psql connections
 datid | datname | pid | leader_pid | usesysid | usename | application_name | client_addr | client_hostname | client_port |         backend_start         | xact_start | query_start | state_change | wait_event_type |    wait_event     | state | backend_xid | backend_xmin | query_id | query |   backend_type    
-------+---------+-----+------------+----------+---------+------------------+-------------+-----------------+-------------+-------------------------------+------------+-------------+--------------+-----------------+-------------------+-------+-------------+--------------+----------+-------+-------------------
       |         |  30 |            |          |         |                  |             |                 |             | 2023-03-27 18:44:24.980726+00 |            |             |              | IO              | WALInitSync       |       |             |              |          |       | startup
       |         |  29 |            |          |         |                  |             |                 |             | 2023-03-27 18:44:24.980531+00 |            |             |              | Activity        | BgWriterHibernate |       |             |              |          |       | background writer
       |         |  28 |            |          |         |                  |             |                 |             | 2023-03-27 18:44:24.980274+00 |            |             |              | Activity        | CheckpointerMain  |       |             |              |          |       | checkpointer
(3 rows)
[Mon 27 Mar 2023 07:02:24 PM UTC]: check psql connections
 datid | datname  | pid  | leader_pid | usesysid | usename  |   application_name    | client_addr | client_hostname | client_port |         backend_start         |          xact_start           |          query_start          |         state_change          | wait_event_type |     wait_event      | state  | backend_xid | backend_xmin | query_id |   query    |         backend_type         
-------+----------+------+------------+----------+----------+-----------------------+-------------+-----------------+-------------+-------------------------------+-------------------------------+-------------------------------+-------------------------------+-----------------+---------------------+--------+-------------+--------------+----------+------------+------------------------------
       |          | 1352 |            |          |          |                       |             |                 |             | 2023-03-27 19:02:24.622688+00 |                               |                               |                               | Activity        | AutoVacuumMain      |        |             |              |          |            | autovacuum launcher
       |          | 1354 |            |       10 | postgres |                       |             |                 |             | 2023-03-27 19:02:24.623315+00 |                               |                               |                               | Activity        | LogicalLauncherMain |        |             |              |          |            | logical replication launcher
     5 | postgres | 1366 |            |       10 | postgres | cnpg-instance-manager |             |                 |          -1 | 2023-03-27 19:02:24.678046+00 | 2023-03-27 19:02:24.680287+00 | 2023-03-27 19:02:24.680287+00 | 2023-03-27 19:02:24.680287+00 | IPC             | CheckpointStart     | active |             |              |          | CHECKPOINT | client backend
       |          |   29 |            |          |          |                       |             |                 |             | 2023-03-27 18:44:24.980531+00 |                               |                               |                               | Activity        | BgWriterHibernate   |        |             |              |          |            | background writer
       |          | 1353 |            |          |          |                       |             |                 |             | 2023-03-27 19:02:24.622976+00 |                               |                               |                               | Activity        | ArchiverMain        |        |             |              |          |            | archiver
       |          |   28 |            |          |          |                       |             |                 |             | 2023-03-27 18:44:24.980274+00 |                               |                               |                               |                 |                     |        |             |              |          |            | checkpointer
       |          | 1351 |            |          |          |                       |             |                 |             | 2023-03-27 19:02:24.622491+00 |                               |                               |                               | Activity        | WalWriterMain       |        |             |              |          |            | walwriter
(7 rows)
[Mon 27 Mar 2023 07:02:25 PM UTC]: check psql connections
 datid | datname | pid  | leader_pid | usesysid | usename  | application_name | client_addr | client_hostname | client_port |         backend_start         | xact_start | query_start | state_change | wait_event_type |     wait_event      | state | backend_xid | backend_xmin | query_id | query |         backend_type         
-------+---------+------+------------+----------+----------+------------------+-------------+-----------------+-------------+-------------------------------+------------+-------------+--------------+-----------------+---------------------+-------+-------------+--------------+----------+-------+------------------------------
       |         | 1352 |            |          |          |                  |             |                 |             | 2023-03-27 19:02:24.622688+00 |            |             |              | Activity        | AutoVacuumMain      |       |             |              |          |       | autovacuum launcher
       |         | 1354 |            |       10 | postgres |                  |             |                 |             | 2023-03-27 19:02:24.623315+00 |            |             |              | Activity        | LogicalLauncherMain |       |             |              |          |       | logical replication launcher
       |         |   29 |            |          |          |                  |             |                 |             | 2023-03-27 18:44:24.980531+00 |            |             |              | Activity        | BgWriterHibernate   |       |             |              |          |       | background writer
       |         | 1353 |            |          |          |                  |             |                 |             | 2023-03-27 19:02:24.622976+00 |            |             |              | Activity        | ArchiverMain        |       |             |              |          |       | archiver
       |         |   28 |            |          |          |                  |             |                 |             | 2023-03-27 18:44:24.980274+00 |            |             |              | Activity        | CheckpointerMain    |       |             |              |          |       | checkpointer
       |         | 1351 |            |          |          |                  |             |                 |             | 2023-03-27 19:02:24.622491+00 |            |             |              | Activity        | WalWriterMain       |       |             |              |          |       | walwriter
(6 rows)
[Mon 27 Mar 2023 07:02:40 PM UTC]: check psql connections
 datid | datname | pid  | leader_pid | usesysid | usename  | application_name | client_addr | client_hostname | client_port |         backend_start         | xact_start | query_start | state_change | wait_event_type |     wait_event      | state | backend_xid | backend_xmin | query_id | query |         backend_type         
-------+---------+------+------------+----------+----------+------------------+-------------+-----------------+-------------+-------------------------------+------------+-------------+--------------+-----------------+---------------------+-------+-------------+--------------+----------+-------+------------------------------
       |         | 1352 |            |          |          |                  |             |                 |             | 2023-03-27 19:02:24.622688+00 |            |             |              | Activity        | AutoVacuumMain      |       |             |              |          |       | autovacuum launcher
       |         | 1354 |            |       10 | postgres |                  |             |                 |             | 2023-03-27 19:02:24.623315+00 |            |             |              | Activity        | LogicalLauncherMain |       |             |              |          |       | logical replication launcher
       |         |   29 |            |          |          |                  |             |                 |             | 2023-03-27 18:44:24.980531+00 |            |             |              | Activity        | BgWriterMain        |       |             |              |          |       | background writer
       |         | 1353 |            |          |          |                  |             |                 |             | 2023-03-27 19:02:24.622976+00 |            |             |              | Activity        | ArchiverMain        |       |             |              |          |       | archiver
       |         |   28 |            |          |          |                  |             |                 |             | 2023-03-27 18:44:24.980274+00 |            |             |              | Activity        | CheckpointerMain    |       |             |              |          |       | checkpointer
       |         | 1351 |            |          |          |                  |             |                 |             | 2023-03-27 19:02:24.622491+00 |            |             |              | Activity        | WalWriterMain       |       |             |              |          |       | walwriter
(6 rows)
[Mon 27 Mar 2023 07:02:41 PM UTC]: check psql connections
 datid | datname | pid  | leader_pid | usesysid | usename  | application_name | client_addr | client_hostname | client_port |         backend_start         | xact_start | query_start | state_change | wait_event_type |     wait_event      | state | backend_xid | backend_xmin | query_id | query |         backend_type         
-------+---------+------+------------+----------+----------+------------------+-------------+-----------------+-------------+-------------------------------+------------+-------------+--------------+-----------------+---------------------+-------+-------------+--------------+----------+-------+------------------------------
       |         | 1352 |            |          |          |                  |             |                 |             | 2023-03-27 19:02:24.622688+00 |            |             |              | Activity        | AutoVacuumMain      |       |             |              |          |       | autovacuum launcher
       |         | 1354 |            |       10 | postgres |                  |             |                 |             | 2023-03-27 19:02:24.623315+00 |            |             |              | Activity        | LogicalLauncherMain |       |             |              |          |       | logical replication launcher
       |         |   29 |            |          |          |                  |             |                 |             | 2023-03-27 18:44:24.980531+00 |            |             |              | Activity        | BgWriterHibernate   |       |             |              |          |       | background writer
       |         | 1353 |            |          |          |                  |             |                 |             | 2023-03-27 19:02:24.622976+00 |            |             |              | Activity        | ArchiverMain        |       |             |              |          |       | archiver
       |         |   28 |            |          |          |                  |             |                 |             | 2023-03-27 18:44:24.980274+00 |            |             |              | Activity        | CheckpointerMain    |       |             |              |          |       | checkpointer
       |         | 1351 |            |          |          |                  |             |                 |             | 2023-03-27 19:02:24.622491+00 |            |             |              | Activity        | WalWriterMain       |       |             |              |          |       | walwriter
(6 rows)
[Mon 27 Mar 2023 07:02:54 PM UTC]: check psql connections
 datid | datname | pid  | leader_pid | usesysid | usename  | application_name | client_addr | client_hostname | client_port |         backend_start         | xact_start | query_start | state_change | wait_event_type |     wait_event      | state | backend_xid | backend_xmin | query_id | query |         backend_type         
-------+---------+------+------------+----------+----------+------------------+-------------+-----------------+-------------+-------------------------------+------------+-------------+--------------+-----------------+---------------------+-------+-------------+--------------+----------+-------+------------------------------
       |         | 1352 |            |          |          |                  |             |                 |             | 2023-03-27 19:02:24.622688+00 |            |             |              | Activity        | AutoVacuumMain      |       |             |              |          |       | autovacuum launcher
       |         | 1354 |            |       10 | postgres |                  |             |                 |             | 2023-03-27 19:02:24.623315+00 |            |             |              | Activity        | LogicalLauncherMain |       |             |              |          |       | logical replication launcher
       |         |   29 |            |          |          |                  |             |                 |             | 2023-03-27 18:44:24.980531+00 |            |             |              | Activity        | BgWriterMain        |       |             |              |          |       | background writer
       |         | 1353 |            |          |          |                  |             |                 |             | 2023-03-27 19:02:24.622976+00 |            |             |              | Activity        | ArchiverMain        |       |             |              |          |       | archiver
       |         |   28 |            |          |          |                  |             |                 |             | 2023-03-27 18:44:24.980274+00 |            |             |              | Activity        | CheckpointerMain    |       |             |              |          |       | checkpointer
       |         | 1351 |            |          |          |                  |             |                 |             | 2023-03-27 19:02:24.622491+00 |            |             |              | Activity        | WalWriterMain       |       |             |              |          |       | walwriter
(6 rows)
[Mon 27 Mar 2023 07:02:55 PM UTC]: check psql connections
 datid | datname | pid  | leader_pid | usesysid | usename  | application_name | client_addr | client_hostname | client_port |         backend_start         | xact_start | query_start | state_change | wait_event_type |     wait_event      | state | backend_xid | backend_xmin | query_id | query |         backend_type         
-------+---------+------+------------+----------+----------+------------------+-------------+-----------------+-------------+-------------------------------+------------+-------------+--------------+-----------------+---------------------+-------+-------------+--------------+----------+-------+------------------------------
       |         | 1352 |            |          |          |                  |             |                 |             | 2023-03-27 19:02:24.622688+00 |            |             |              | Activity        | AutoVacuumMain      |       |             |              |          |       | autovacuum launcher
       |         | 1354 |            |       10 | postgres |                  |             |                 |             | 2023-03-27 19:02:24.623315+00 |            |             |              | Activity        | LogicalLauncherMain |       |             |              |          |       | logical replication launcher
       |         |   29 |            |          |          |                  |             |                 |             | 2023-03-27 18:44:24.980531+00 |            |             |              | Activity        | BgWriterHibernate   |       |             |              |          |       | background writer
       |         | 1353 |            |          |          |                  |             |                 |             | 2023-03-27 19:02:24.622976+00 |            |             |              | Activity        | ArchiverMain        |       |             |              |          |       | archiver
       |         |   28 |            |          |          |                  |             |                 |             | 2023-03-27 18:44:24.980274+00 |            |             |              | Activity        | CheckpointerMain    |       |             |              |          |       | checkpointer
       |         | 1351 |            |          |          |                  |             |                 |             | 2023-03-27 19:02:24.622491+00 |            |             |              | Activity        | WalWriterMain       |       |             |              |          |       | walwriter
(6 rows)
[Mon 27 Mar 2023 07:02:57 PM UTC]: check psql connections
 datid | datname  | pid  | leader_pid | usesysid |      usename      | application_name  | client_addr | client_hostname | client_port |         backend_start         |          xact_start          |         query_start          |         state_change         | wait_event_type |     wait_event      | state  | backend_xid | backend_xmin | query_id |                                     query                                      |         backend_type         
-------+----------+------+------------+----------+-------------------+-------------------+-------------+-----------------+-------------+-------------------------------+------------------------------+------------------------------+------------------------------+-----------------+---------------------+--------+-------------+--------------+----------+--------------------------------------------------------------------------------+------------------------------
       |          | 1352 |            |          |                   |                   |             |                 |             | 2023-03-27 19:02:24.622688+00 |                              |                              |                              | Activity        | AutoVacuumMain      |        |             |              |          |                                                                                | autovacuum launcher
       |          | 1354 |            |       10 | postgres          |                   |             |                 |             | 2023-03-27 19:02:24.623315+00 |                              |                              |                              | Activity        | LogicalLauncherMain |        |             |              |          |                                                                                | logical replication launcher
     5 | postgres | 1825 |            |    16386 | streaming_replica | cluster-example-7 | 10.40.1.75  |                 |       40474 | 2023-03-27 19:02:57.890457+00 | 2023-03-27 19:02:57.90027+00 | 2023-03-27 19:02:57.90027+00 | 2023-03-27 19:02:57.90027+00 |                 |                     | active |             |          786 |          | WITH RECURSIVE files (path, filename, size, isdir) AS (                       +| client backend
       |          |      |            |          |                   |                   |             |                 |             |                               |                              |                              |                              |                 |                     |        |             |              |          |   SELECT '' AS path, filename, size, isdir FROM                               +| 
       |          |      |            |          |                   |                   |             |                 |             |                               |                              |                              |                              |                 |                     |        |             |              |          |   (SELECT pg_ls_dir('.', true, false) AS filename) AS fn,                     +| 
       |          |      |            |          |                   |                   |             |                 |             |                               |                              |                              |                              |                 |                     |        |             |              |          |         pg_stat_file(fn.filename, true) AS this                               +| 
       |          |      |            |          |                   |                   |             |                 |             |                               |                              |                              |                              |                 |                     |        |             |              |          |   UNION ALL                                                                   +| 
       |          |      |            |          |                   |                   |             |                 |             |                               |                              |                              |                              |                 |                     |        |             |              |          |   SELECT parent.path || parent.filename || '/' AS path,                       +| 
       |          |      |            |          |                   |                   |             |                 |             |                               |                              |                              |                              |                 |                     |        |             |              |          |          fn, this.size, this.isdir                                            +| 
       |          |      |            |          |                   |                   |             |                 |             |                               |                              |                              |                              |                 |                     |        |             |              |          |   FROM files AS parent,                                                       +| 
       |          |      |            |          |                   |                   |             |                 |             |                               |                              |                              |                              |                 |                     |        |             |              |          |        pg_ls_dir(parent.path || parent.filename, true, false) AS fn,          +| 
       |          |      |            |          |                   |                   |             |                 |             |                               |                              |                              |                              |                 |                     |        |             |              |          |        pg_stat_file(parent.path || parent.filename || '/' || fn, true) AS this+| 
       |          |      |            |          |                   |                   |             |                 |             |                               |                              |                              |                              |                 |                     |        |             |              |          |        WHERE parent.isdir = 't'                                               +| 
       |          |      |            |          |                   |                   |             |                 |             |                               |                              |                              |                              |                 |                     |        |             |              |          | )                                                                             +| 
       |          |      |            |          |                   |                   |             |                 |             |                               |                              |                              |                              |                 |                     |        |             |              |          | SELECT path || filename, size, isdir,                                         +| 
       |          |      |            |          |                   |                   |             |                 |             |                               |                              |                              |                              |                 |                     |        |             |              |          |        pg_tablespace_location(pg_tablespace.oid) AS link_target               +| 
       |          |      |            |          |                   |                   |             |                 |             |                               |                              |                              |                              |                 |                     |        |             |              |          | FROM files                                                                    +| 
       |          |      |            |          |                   |                   |             |                 |             |                               |                              |                              |                              |                 |                     |        |             |              |          | LEFT OUTER JOIN pg_tablespace ON files.path = 'pg_tblspc/'                    +| 
       |          |      |            |          |                   |                   |             |                 |             |                               |                              |                              |                              |                 |                     |        |             |              |          |                              AND oid::text = files.filename                   +| 
       |          |      |            |          |                   |                   |             |                 |             |                               |                              |                              |                              |                 |                     |        |             |              |          |                                                                                | 
       |          |   29 |            |          |                   |                   |             |                 |             | 2023-03-27 18:44:24.980531+00 |                              |                              |                              | Activity        | BgWriterMain        |        |             |              |          |                                                                                | background writer
       |          | 1353 |            |          |                   |                   |             |                 |             | 2023-03-27 19:02:24.622976+00 |                              |                              |                              | Activity        | ArchiverMain        |        |             |              |          |                                                                                | archiver
       |          |   28 |            |          |                   |                   |             |                 |             | 2023-03-27 18:44:24.980274+00 |                              |                              |                              | Activity        | CheckpointerMain    |        |             |              |          |                                                                                | checkpointer
       |          | 1351 |            |          |                   |                   |             |                 |             | 2023-03-27 19:02:24.622491+00 |                              |                              |                              | Activity        | WalWriterMain       |        |             |              |          |                                                                                | walwriter
(7 rows)
[Mon 27 Mar 2023 07:02:58 PM UTC]: check psql connections
 datid | datname  | pid  | leader_pid | usesysid |      usename      | application_name  | client_addr | client_hostname | client_port |         backend_start         |          xact_start          |         query_start          |         state_change         | wait_event_type |     wait_event      | state  | backend_xid | backend_xmin | query_id |                                     query                                      |         backend_type         
-------+----------+------+------------+----------+-------------------+-------------------+-------------+-----------------+-------------+-------------------------------+------------------------------+------------------------------+------------------------------+-----------------+---------------------+--------+-------------+--------------+----------+--------------------------------------------------------------------------------+------------------------------
       |          | 1352 |            |          |                   |                   |             |                 |             | 2023-03-27 19:02:24.622688+00 |                              |                              |                              | Activity        | AutoVacuumMain      |        |             |              |          |                                                                                | autovacuum launcher
       |          | 1354 |            |       10 | postgres          |                   |             |                 |             | 2023-03-27 19:02:24.623315+00 |                              |                              |                              | Activity        | LogicalLauncherMain |        |             |              |          |                                                                                | logical replication launcher
     5 | postgres | 1825 |            |    16386 | streaming_replica | cluster-example-7 | 10.40.1.75  |                 |       40474 | 2023-03-27 19:02:57.890457+00 | 2023-03-27 19:02:57.90027+00 | 2023-03-27 19:02:57.90027+00 | 2023-03-27 19:02:57.90027+00 |                 |                     | active |             |          786 |          | WITH RECURSIVE files (path, filename, size, isdir) AS (                       +| client backend
       |          |      |            |          |                   |                   |             |                 |             |                               |                              |                              |                              |                 |                     |        |             |              |          |   SELECT '' AS path, filename, size, isdir FROM                               +| 
       |          |      |            |          |                   |                   |             |                 |             |                               |                              |                              |                              |                 |                     |        |             |              |          |   (SELECT pg_ls_dir('.', true, false) AS filename) AS fn,                     +| 
       |          |      |            |          |                   |                   |             |                 |             |                               |                              |                              |                              |                 |                     |        |             |              |          |         pg_stat_file(fn.filename, true) AS this                               +| 
       |          |      |            |          |                   |                   |             |                 |             |                               |                              |                              |                              |                 |                     |        |             |              |          |   UNION ALL                                                                   +| 
       |          |      |            |          |                   |                   |             |                 |             |                               |                              |                              |                              |                 |                     |        |             |              |          |   SELECT parent.path || parent.filename || '/' AS path,                       +| 
       |          |      |            |          |                   |                   |             |                 |             |                               |                              |                              |                              |                 |                     |        |             |              |          |          fn, this.size, this.isdir                                            +| 
       |          |      |            |          |                   |                   |             |                 |             |                               |                              |                              |                              |                 |                     |        |             |              |          |   FROM files AS parent,                                                       +| 
       |          |      |            |          |                   |                   |             |                 |             |                               |                              |                              |                              |                 |                     |        |             |              |          |        pg_ls_dir(parent.path || parent.filename, true, false) AS fn,          +| 
       |          |      |            |          |                   |                   |             |                 |             |                               |                              |                              |                              |                 |                     |        |             |              |          |        pg_stat_file(parent.path || parent.filename || '/' || fn, true) AS this+| 
       |          |      |            |          |                   |                   |             |                 |             |                               |                              |                              |                              |                 |                     |        |             |              |          |        WHERE parent.isdir = 't'                                               +| 
       |          |      |            |          |                   |                   |             |                 |             |                               |                              |                              |                              |                 |                     |        |             |              |          | )                                                                             +| 
       |          |      |            |          |                   |                   |             |                 |             |                               |                              |                              |                              |                 |                     |        |             |              |          | SELECT path || filename, size, isdir,                                         +| 
       |          |      |            |          |                   |                   |             |                 |             |                               |                              |                              |                              |                 |                     |        |             |              |          |        pg_tablespace_location(pg_tablespace.oid) AS link_target               +| 
       |          |      |            |          |                   |                   |             |                 |             |                               |                              |                              |                              |                 |                     |        |             |              |          | FROM files                                                                    +| 
       |          |      |            |          |                   |                   |             |                 |             |                               |                              |                              |                              |                 |                     |        |             |              |          | LEFT OUTER JOIN pg_tablespace ON files.path = 'pg_tblspc/'                    +| 
       |          |      |            |          |                   |                   |             |                 |             |                               |                              |                              |                              |                 |                     |        |             |              |          |                              AND oid::text = files.filename                   +| 
       |          |      |            |          |                   |                   |             |                 |             |                               |                              |                              |                              |                 |                     |        |             |              |          |                                                                                | 
       |          |   29 |            |          |                   |                   |             |                 |             | 2023-03-27 18:44:24.980531+00 |                              |                              |                              | Activity        | BgWriterHibernate   |        |             |              |          |                                                                                | background writer
       |          | 1353 |            |          |                   |                   |             |                 |             | 2023-03-27 19:02:24.622976+00 |                              |                              |                              | Activity        | ArchiverMain        |        |             |              |          |                                                                                | archiver
       |          |   28 |            |          |                   |                   |             |                 |             | 2023-03-27 18:44:24.980274+00 |                              |                              |                              | Activity        | CheckpointerMain    |        |             |              |          |                                                                                | checkpointer
       |          | 1351 |            |          |                   |                   |             |                 |             | 2023-03-27 19:02:24.622491+00 |                              |                              |                              | Activity        | WalWriterMain       |        |             |              |          |                                                                                | walwriter
(7 rows)
[Mon 27 Mar 2023 07:03:02 PM UTC]: check psql connections
 datid | datname  | pid  | leader_pid | usesysid |      usename      | application_name  | client_addr | client_hostname | client_port |         backend_start         |          xact_start           |          query_start          |         state_change         | wait_event_type |     wait_event      | state  | backend_xid | backend_xmin | query_id |                                  query                                  |         backend_type         
-------+----------+------+------------+----------+-------------------+-------------------+-------------+-----------------+-------------+-------------------------------+-------------------------------+-------------------------------+------------------------------+-----------------+---------------------+--------+-------------+--------------+----------+-------------------------------------------------------------------------+------------------------------
       |          | 1352 |            |          |                   |                   |             |                 |             | 2023-03-27 19:02:24.622688+00 |                               |                               |                              | Activity        | AutoVacuumMain      |        |             |              |          |                                                                         | autovacuum launcher
       |          | 1354 |            |       10 | postgres          |                   |             |                 |             | 2023-03-27 19:02:24.623315+00 |                               |                               |                              | Activity        | LogicalLauncherMain |        |             |              |          |                                                                         | logical replication launcher
     5 | postgres | 1825 |            |    16386 | streaming_replica | cluster-example-7 | 10.40.1.75  |                 |       40474 | 2023-03-27 19:02:57.890457+00 | 2023-03-27 19:03:01.475795+00 | 2023-03-27 19:03:01.476239+00 | 2023-03-27 19:03:01.47624+00 |                 |                     | active |             |          786 |          | SELECT path, begin,                                                    +| client backend
       |          |      |            |          |                   |                   |             |                 |             |                               |                               |                               |                              |                 |                     |        |             |              |          |   pg_read_binary_file(path, begin, len, true) AS chunk                 +| 
       |          |      |            |          |                   |                   |             |                 |             |                               |                               |                               |                              |                 |                     |        |             |              |          | FROM unnest ($1::text[], $2::int8[], $3::int4[]) as x(path, begin, len) | 
       |          |   29 |            |          |                   |                   |             |                 |             | 2023-03-27 18:44:24.980531+00 |                               |                               |                              | Activity        | BgWriterHibernate   |        |             |              |          |                                                                         | background writer
       |          | 1353 |            |          |                   |                   |             |                 |             | 2023-03-27 19:02:24.622976+00 |                               |                               |                              | Activity        | ArchiverMain        |        |             |              |          |                                                                         | archiver
       |          |   28 |            |          |                   |                   |             |                 |             | 2023-03-27 18:44:24.980274+00 |                               |                               |                              | Activity        | CheckpointerMain    |        |             |              |          |                                                                         | checkpointer
       |          | 1351 |            |          |                   |                   |             |                 |             | 2023-03-27 19:02:24.622491+00 |                               |                               |                              | Activity        | WalWriterMain       |        |             |              |          |                                                                         | walwriter
(7 rows)
[Mon 27 Mar 2023 07:03:05 PM UTC]: check psql connections
 datid | datname | pid  | leader_pid | usesysid | usename  | application_name | client_addr | client_hostname | client_port |         backend_start         | xact_start | query_start | state_change | wait_event_type |     wait_event      | state | backend_xid | backend_xmin | query_id | query |         backend_type         
-------+---------+------+------------+----------+----------+------------------+-------------+-----------------+-------------+-------------------------------+------------+-------------+--------------+-----------------+---------------------+-------+-------------+--------------+----------+-------+------------------------------
       |         | 1352 |            |          |          |                  |             |                 |             | 2023-03-27 19:02:24.622688+00 |            |             |              | Activity        | AutoVacuumMain      |       |             |              |          |       | autovacuum launcher
       |         | 1354 |            |       10 | postgres |                  |             |                 |             | 2023-03-27 19:02:24.623315+00 |            |             |              | Activity        | LogicalLauncherMain |       |             |              |          |       | logical replication launcher
       |         |   29 |            |          |          |                  |             |                 |             | 2023-03-27 18:44:24.980531+00 |            |             |              | Activity        | BgWriterHibernate   |       |             |              |          |       | background writer
       |         | 1353 |            |          |          |                  |             |                 |             | 2023-03-27 19:02:24.622976+00 |            |             |              | Activity        | ArchiverMain        |       |             |              |          |       | archiver
       |         |   28 |            |          |          |                  |             |                 |             | 2023-03-27 18:44:24.980274+00 |            |             |              | Activity        | CheckpointerMain    |       |             |              |          |       | checkpointer
       |         | 1351 |            |          |          |                  |             |                 |             | 2023-03-27 19:02:24.622491+00 |            |             |              | Activity        | WalWriterMain       |       |             |              |          |       | walwriter
(6 rows)
[Mon 27 Mar 2023 07:03:10 PM UTC]: check psql connections
 datid | datname | pid  | leader_pid | usesysid | usename  | application_name | client_addr | client_hostname | client_port |         backend_start         | xact_start | query_start | state_change | wait_event_type |     wait_event      | state | backend_xid | backend_xmin | query_id | query |         backend_type         
-------+---------+------+------------+----------+----------+------------------+-------------+-----------------+-------------+-------------------------------+------------+-------------+--------------+-----------------+---------------------+-------+-------------+--------------+----------+-------+------------------------------
       |         | 1352 |            |          |          |                  |             |                 |             | 2023-03-27 19:02:24.622688+00 |            |             |              | Activity        | AutoVacuumMain      |       |             |              |          |       | autovacuum launcher
       |         | 1354 |            |       10 | postgres |                  |             |                 |             | 2023-03-27 19:02:24.623315+00 |            |             |              | Activity        | LogicalLauncherMain |       |             |              |          |       | logical replication launcher
       |         |   29 |            |          |          |                  |             |                 |             | 2023-03-27 18:44:24.980531+00 |            |             |              | Activity        | BgWriterMain        |       |             |              |          |       | background writer
       |         | 1353 |            |          |          |                  |             |                 |             | 2023-03-27 19:02:24.622976+00 |            |             |              | Activity        | ArchiverMain        |       |             |              |          |       | archiver
       |         |   28 |            |          |          |                  |             |                 |             | 2023-03-27 18:44:24.980274+00 |            |             |              | Activity        | CheckpointerMain    |       |             |              |          |       | checkpointer
       |         | 1351 |            |          |          |                  |             |                 |             | 2023-03-27 19:02:24.622491+00 |            |             |              | Activity        | WalWriterMain       |       |             |              |          |       | walwriter
(6 rows)
[Mon 27 Mar 2023 07:03:11 PM UTC]: check psql connections
 datid | datname | pid  | leader_pid | usesysid | usename  | application_name | client_addr | client_hostname | client_port |         backend_start         | xact_start | query_start | state_change | wait_event_type |     wait_event      | state | backend_xid | backend_xmin | query_id | query |         backend_type         
-------+---------+------+------------+----------+----------+------------------+-------------+-----------------+-------------+-------------------------------+------------+-------------+--------------+-----------------+---------------------+-------+-------------+--------------+----------+-------+------------------------------
       |         | 1352 |            |          |          |                  |             |                 |             | 2023-03-27 19:02:24.622688+00 |            |             |              | Activity        | AutoVacuumMain      |       |             |              |          |       | autovacuum launcher
       |         | 1354 |            |       10 | postgres |                  |             |                 |             | 2023-03-27 19:02:24.623315+00 |            |             |              | Activity        | LogicalLauncherMain |       |             |              |          |       | logical replication launcher
       |         |   29 |            |          |          |                  |             |                 |             | 2023-03-27 18:44:24.980531+00 |            |             |              | Activity        | BgWriterHibernate   |       |             |              |          |       | background writer
       |         | 1353 |            |          |          |                  |             |                 |             | 2023-03-27 19:02:24.622976+00 |            |             |              | Activity        | ArchiverMain        |       |             |              |          |       | archiver
       |         |   28 |            |          |          |                  |             |                 |             | 2023-03-27 18:44:24.980274+00 |            |             |              | Activity        | CheckpointerMain    |       |             |              |          |       | checkpointer
       |         | 1351 |            |          |          |                  |             |                 |             | 2023-03-27 19:02:24.622491+00 |            |             |              | Activity        | WalWriterMain       |       |             |              |          |       | walwriter
(6 rows)
[Mon 27 Mar 2023 07:03:24 PM UTC]: check psql connections
 datid | datname | pid  | leader_pid | usesysid | usename  | application_name | client_addr | client_hostname | client_port |         backend_start         | xact_start | query_start | state_change | wait_event_type |     wait_event      | state | backend_xid | backend_xmin | query_id | query |         backend_type         
-------+---------+------+------------+----------+----------+------------------+-------------+-----------------+-------------+-------------------------------+------------+-------------+--------------+-----------------+---------------------+-------+-------------+--------------+----------+-------+------------------------------
       |         | 1352 |            |          |          |                  |             |                 |             | 2023-03-27 19:02:24.622688+00 |            |             |              | Activity        | AutoVacuumMain      |       |             |              |          |       | autovacuum launcher
       |         | 1354 |            |       10 | postgres |                  |             |                 |             | 2023-03-27 19:02:24.623315+00 |            |             |              | Activity        | LogicalLauncherMain |       |             |              |          |       | logical replication launcher
       |         |   29 |            |          |          |                  |             |                 |             | 2023-03-27 18:44:24.980531+00 |            |             |              | Activity        | BgWriterMain        |       |             |              |          |       | background writer
       |         | 1353 |            |          |          |                  |             |                 |             | 2023-03-27 19:02:24.622976+00 |            |             |              | Activity        | ArchiverMain        |       |             |              |          |       | archiver
       |         |   28 |            |          |          |                  |             |                 |             | 2023-03-27 18:44:24.980274+00 |            |             |              | Activity        | CheckpointerMain    |       |             |              |          |       | checkpointer
       |         | 1351 |            |          |          |                  |             |                 |             | 2023-03-27 19:02:24.622491+00 |            |             |              | Activity        | WalWriterMain       |       |             |              |          |       | walwriter
(6 rows)
[Mon 27 Mar 2023 07:03:25 PM UTC]: check psql connections
 datid | datname | pid  | leader_pid | usesysid | usename  | application_name | client_addr | client_hostname | client_port |         backend_start         | xact_start | query_start | state_change | wait_event_type |     wait_event      | state | backend_xid | backend_xmin | query_id | query |         backend_type         
-------+---------+------+------------+----------+----------+------------------+-------------+-----------------+-------------+-------------------------------+------------+-------------+--------------+-----------------+---------------------+-------+-------------+--------------+----------+-------+------------------------------
       |         | 1352 |            |          |          |                  |             |                 |             | 2023-03-27 19:02:24.622688+00 |            |             |              | Activity        | AutoVacuumMain      |       |             |              |          |       | autovacuum launcher
       |         | 1354 |            |       10 | postgres |                  |             |                 |             | 2023-03-27 19:02:24.623315+00 |            |             |              | Activity        | LogicalLauncherMain |       |             |              |          |       | logical replication launcher
       |         |   29 |            |          |          |                  |             |                 |             | 2023-03-27 18:44:24.980531+00 |            |             |              | Activity        | BgWriterHibernate   |       |             |              |          |       | background writer
       |         | 1353 |            |          |          |                  |             |                 |             | 2023-03-27 19:02:24.622976+00 |            |             |              | Activity        | ArchiverMain        |       |             |              |          |       | archiver
       |         |   28 |            |          |          |                  |             |                 |             | 2023-03-27 18:44:24.980274+00 |            |             |              | Activity        | CheckpointerMain    |       |             |              |          |       | checkpointer
       |         | 1351 |            |          |          |                  |             |                 |             | 2023-03-27 19:02:24.622491+00 |            |             |              | Activity        | WalWriterMain       |       |             |              |          |       | walwriter
(6 rows)
[Mon 27 Mar 2023 07:03:45 PM UTC]: check psql connections
 datid | datname | pid  | leader_pid | usesysid | usename  | application_name | client_addr | client_hostname | client_port |         backend_start         | xact_start | query_start | state_change | wait_event_type |     wait_event      | state | backend_xid | backend_xmin | query_id | query |         backend_type         
-------+---------+------+------------+----------+----------+------------------+-------------+-----------------+-------------+-------------------------------+------------+-------------+--------------+-----------------+---------------------+-------+-------------+--------------+----------+-------+------------------------------
       |         | 1352 |            |          |          |                  |             |                 |             | 2023-03-27 19:02:24.622688+00 |            |             |              | Activity        | AutoVacuumMain      |       |             |              |          |       | autovacuum launcher
       |         | 1354 |            |       10 | postgres |                  |             |                 |             | 2023-03-27 19:02:24.623315+00 |            |             |              | Activity        | LogicalLauncherMain |       |             |              |          |       | logical replication launcher
       |         |   29 |            |          |          |                  |             |                 |             | 2023-03-27 18:44:24.980531+00 |            |             |              | Activity        | BgWriterMain        |       |             |              |          |       | background writer
       |         | 1353 |            |          |          |                  |             |                 |             | 2023-03-27 19:02:24.622976+00 |            |             |              | Activity        | ArchiverMain        |       |             |              |          |       | archiver
       |         |   28 |            |          |          |                  |             |                 |             | 2023-03-27 18:44:24.980274+00 |            |             |              | Activity        | CheckpointerMain    |       |             |              |          |       | checkpointer
       |         | 1351 |            |          |          |                  |             |                 |             | 2023-03-27 19:02:24.622491+00 |            |             |              | Activity        | WalWriterMain       |       |             |              |          |       | walwriter
(6 rows)
[Mon 27 Mar 2023 07:03:46 PM UTC]: check psql connections
 datid | datname | pid  | leader_pid | usesysid | usename  | application_name | client_addr | client_hostname | client_port |         backend_start         | xact_start | query_start | state_change | wait_event_type |     wait_event      | state | backend_xid | backend_xmin | query_id | query |         backend_type         
-------+---------+------+------------+----------+----------+------------------+-------------+-----------------+-------------+-------------------------------+------------+-------------+--------------+-----------------+---------------------+-------+-------------+--------------+----------+-------+------------------------------
       |         | 1352 |            |          |          |                  |             |                 |             | 2023-03-27 19:02:24.622688+00 |            |             |              | Activity        | AutoVacuumMain      |       |             |              |          |       | autovacuum launcher
       |         | 1354 |            |       10 | postgres |                  |             |                 |             | 2023-03-27 19:02:24.623315+00 |            |             |              | Activity        | LogicalLauncherMain |       |             |              |          |       | logical replication launcher
       |         |   29 |            |          |          |                  |             |                 |             | 2023-03-27 18:44:24.980531+00 |            |             |              | Activity        | BgWriterHibernate   |       |             |              |          |       | background writer
       |         | 1353 |            |          |          |                  |             |                 |             | 2023-03-27 19:02:24.622976+00 |            |             |              | Activity        | ArchiverMain        |       |             |              |          |       | archiver
       |         |   28 |            |          |          |                  |             |                 |             | 2023-03-27 18:44:24.980274+00 |            |             |              | Activity        | CheckpointerMain    |       |             |              |          |       | checkpointer
       |         | 1351 |            |          |          |                  |             |                 |             | 2023-03-27 19:02:24.622491+00 |            |             |              | Activity        | WalWriterMain       |       |             |              |          |       | walwriter
(6 rows)
[Mon 27 Mar 2023 07:04:36 PM UTC]: check psql connections
 datid | datname | pid  | leader_pid | usesysid | usename  | application_name | client_addr | client_hostname | client_port |         backend_start         | xact_start | query_start | state_change | wait_event_type |     wait_event      | state | backend_xid | backend_xmin | query_id | query |         backend_type         
-------+---------+------+------------+----------+----------+------------------+-------------+-----------------+-------------+-------------------------------+------------+-------------+--------------+-----------------+---------------------+-------+-------------+--------------+----------+-------+------------------------------
       |         | 1352 |            |          |          |                  |             |                 |             | 2023-03-27 19:02:24.622688+00 |            |             |              | Activity        | AutoVacuumMain      |       |             |              |          |       | autovacuum launcher
       |         | 1354 |            |       10 | postgres |                  |             |                 |             | 2023-03-27 19:02:24.623315+00 |            |             |              | Activity        | LogicalLauncherMain |       |             |              |          |       | logical replication launcher
       |         |   29 |            |          |          |                  |             |                 |             | 2023-03-27 18:44:24.980531+00 |            |             |              | Activity        | BgWriterMain        |       |             |              |          |       | background writer
       |         | 1353 |            |          |          |                  |             |                 |             | 2023-03-27 19:02:24.622976+00 |            |             |              | Activity        | ArchiverMain        |       |             |              |          |       | archiver
       |         |   28 |            |          |          |                  |             |                 |             | 2023-03-27 18:44:24.980274+00 |            |             |              | Activity        | CheckpointerMain    |       |             |              |          |       | checkpointer
       |         | 1351 |            |          |          |                  |             |                 |             | 2023-03-27 19:02:24.622491+00 |            |             |              | Activity        | WalWriterMain       |       |             |              |          |       | walwriter
(6 rows)
[Mon 27 Mar 2023 07:04:37 PM UTC]: check psql connections
 datid | datname | pid  | leader_pid | usesysid | usename  | application_name | client_addr | client_hostname | client_port |         backend_start         | xact_start | query_start | state_change | wait_event_type |     wait_event      | state | backend_xid | backend_xmin | query_id | query |         backend_type         
-------+---------+------+------------+----------+----------+------------------+-------------+-----------------+-------------+-------------------------------+------------+-------------+--------------+-----------------+---------------------+-------+-------------+--------------+----------+-------+------------------------------
       |         | 1352 |            |          |          |                  |             |                 |             | 2023-03-27 19:02:24.622688+00 |            |             |              | Activity        | AutoVacuumMain      |       |             |              |          |       | autovacuum launcher
       |         | 1354 |            |       10 | postgres |                  |             |                 |             | 2023-03-27 19:02:24.623315+00 |            |             |              | Activity        | LogicalLauncherMain |       |             |              |          |       | logical replication launcher
       |         |   29 |            |          |          |                  |             |                 |             | 2023-03-27 18:44:24.980531+00 |            |             |              | Activity        | BgWriterHibernate   |       |             |              |          |       | background writer
       |         | 1353 |            |          |          |                  |             |                 |             | 2023-03-27 19:02:24.622976+00 |            |             |              | Activity        | ArchiverMain        |       |             |              |          |       | archiver
       |         |   28 |            |          |          |                  |             |                 |             | 2023-03-27 18:44:24.980274+00 |            |             |              | Activity        | CheckpointerMain    |       |             |              |          |       | checkpointer
       |         | 1351 |            |          |          |                  |             |                 |             | 2023-03-27 19:02:24.622491+00 |            |             |              | Activity        | WalWriterMain       |       |             |              |          |       | walwriter
(6 rows)
