[Sun 26 Mar 2023 05:20:53 PM UTC]: start mon psql connections

[Sun 26 Mar 2023 05:20:53 PM UTC]: check psql connections
 datid | datname | pid | leader_pid | usesysid | usename | application_name | client_addr | client_hostname | client_port |         backend_start         | xact_start | query_start | state_change | wait_event_type |    wait_event     | state | backend_xid | backend_xmin | query_id | query |   backend_type    
-------+---------+-----+------------+----------+---------+------------------+-------------+-----------------+-------------+-------------------------------+------------+-------------+--------------+-----------------+-------------------+-------+-------------+--------------+----------+-------+-------------------
       |         |  31 |            |          |         |                  |             |                 |             | 2023-03-26 17:07:03.340367+00 |            |             |              | Activity        | RecoveryWalStream |       |             |              |          |       | startup
       |         |  30 |            |          |         |                  |             |                 |             | 2023-03-26 17:07:03.340145+00 |            |             |              | Activity        | BgWriterMain      |       |             |              |          |       | background writer
       |         |  29 |            |          |         |                  |             |                 |             | 2023-03-26 17:07:03.339902+00 |            |             |              | Activity        | CheckpointerMain  |       |             |              |          |       | checkpointer
       |         | 111 |            |          |         |                  |             |                 |             | 2023-03-26 17:07:04.454007+00 |            |             |              | Activity        | WalReceiverMain   |       |             |              |          |       | walreceiver
(4 rows)
[Sun 26 Mar 2023 05:20:55 PM UTC]: check psql connections
 datid | datname | pid | leader_pid | usesysid | usename | application_name | client_addr | client_hostname | client_port |         backend_start         | xact_start | query_start | state_change | wait_event_type |    wait_event     | state | backend_xid | backend_xmin | query_id | query |   backend_type    
-------+---------+-----+------------+----------+---------+------------------+-------------+-----------------+-------------+-------------------------------+------------+-------------+--------------+-----------------+-------------------+-------+-------------+--------------+----------+-------+-------------------
       |         |  31 |            |          |         |                  |             |                 |             | 2023-03-26 17:07:03.340367+00 |            |             |              | Activity        | RecoveryWalStream |       |             |              |          |       | startup
       |         |  30 |            |          |         |                  |             |                 |             | 2023-03-26 17:07:03.340145+00 |            |             |              | Activity        | BgWriterHibernate |       |             |              |          |       | background writer
       |         |  29 |            |          |         |                  |             |                 |             | 2023-03-26 17:07:03.339902+00 |            |             |              | Activity        | CheckpointerMain  |       |             |              |          |       | checkpointer
       |         | 111 |            |          |         |                  |             |                 |             | 2023-03-26 17:07:04.454007+00 |            |             |              | Activity        | WalReceiverMain   |       |             |              |          |       | walreceiver
(4 rows)
[Sun 26 Mar 2023 05:21:34 PM UTC]: check psql connections
 datid | datname | pid | leader_pid | usesysid | usename | application_name | client_addr | client_hostname | client_port |         backend_start         | xact_start | query_start | state_change | wait_event_type |          wait_event           | state | backend_xid | backend_xmin | query_id | query |   backend_type    
-------+---------+-----+------------+----------+---------+------------------+-------------+-----------------+-------------+-------------------------------+------------+-------------+--------------+-----------------+-------------------------------+-------+-------------+--------------+----------+-------+-------------------
       |         |  31 |            |          |         |                  |             |                 |             | 2023-03-26 17:07:03.340367+00 |            |             |              | Timeout         | RecoveryRetrieveRetryInterval |       |             |              |          |       | startup
       |         |  30 |            |          |         |                  |             |                 |             | 2023-03-26 17:07:03.340145+00 |            |             |              | Activity        | BgWriterHibernate             |       |             |              |          |       | background writer
       |         |  29 |            |          |         |                  |             |                 |             | 2023-03-26 17:07:03.339902+00 |            |             |              | Activity        | CheckpointerMain              |       |             |              |          |       | checkpointer
(3 rows)
[Sun 26 Mar 2023 05:21:35 PM UTC]: check psql connections
 datid | datname | pid | leader_pid | usesysid | usename | application_name | client_addr | client_hostname | client_port |         backend_start         | xact_start | query_start | state_change | wait_event_type |          wait_event           | state | backend_xid | backend_xmin | query_id | query |   backend_type    
-------+---------+-----+------------+----------+---------+------------------+-------------+-----------------+-------------+-------------------------------+------------+-------------+--------------+-----------------+-------------------------------+-------+-------------+--------------+----------+-------+-------------------
       |         |  31 |            |          |         |                  |             |                 |             | 2023-03-26 17:07:03.340367+00 |            |             |              | Timeout         | RecoveryRetrieveRetryInterval |       |             |              |          |       | startup
       |         |  30 |            |          |         |                  |             |                 |             | 2023-03-26 17:07:03.340145+00 |            |             |              | Activity        | BgWriterMain                  |       |             |              |          |       | background writer
       |         |  29 |            |          |         |                  |             |                 |             | 2023-03-26 17:07:03.339902+00 |            |             |              | Activity        | CheckpointerMain              |       |             |              |          |       | checkpointer
(3 rows)
[Sun 26 Mar 2023 05:21:36 PM UTC]: check psql connections
 datid | datname | pid | leader_pid | usesysid | usename | application_name | client_addr | client_hostname | client_port |         backend_start         | xact_start | query_start | state_change | wait_event_type |          wait_event           | state | backend_xid | backend_xmin | query_id | query |   backend_type    
-------+---------+-----+------------+----------+---------+------------------+-------------+-----------------+-------------+-------------------------------+------------+-------------+--------------+-----------------+-------------------------------+-------+-------------+--------------+----------+-------+-------------------
       |         |  31 |            |          |         |                  |             |                 |             | 2023-03-26 17:07:03.340367+00 |            |             |              | Timeout         | RecoveryRetrieveRetryInterval |       |             |              |          |       | startup
       |         |  30 |            |          |         |                  |             |                 |             | 2023-03-26 17:07:03.340145+00 |            |             |              | Activity        | BgWriterHibernate             |       |             |              |          |       | background writer
       |         |  29 |            |          |         |                  |             |                 |             | 2023-03-26 17:07:03.339902+00 |            |             |              | Activity        | CheckpointerMain              |       |             |              |          |       | checkpointer
(3 rows)
[Sun 26 Mar 2023 05:21:39 PM UTC]: check psql connections
 datid | datname | pid | leader_pid | usesysid | usename | application_name | client_addr | client_hostname | client_port |         backend_start         | xact_start | query_start | state_change | wait_event_type |    wait_event     | state | backend_xid | backend_xmin | query_id | query |   backend_type    
-------+---------+-----+------------+----------+---------+------------------+-------------+-----------------+-------------+-------------------------------+------------+-------------+--------------+-----------------+-------------------+-------+-------------+--------------+----------+-------+-------------------
       |         |  31 |            |          |         |                  |             |                 |             | 2023-03-26 17:07:03.340367+00 |            |             |              | Activity        | RecoveryWalStream |       |             |              |          |       | startup
       |         |  30 |            |          |         |                  |             |                 |             | 2023-03-26 17:07:03.340145+00 |            |             |              | Activity        | BgWriterHibernate |       |             |              |          |       | background writer
       |         |  29 |            |          |         |                  |             |                 |             | 2023-03-26 17:07:03.339902+00 |            |             |              | Activity        | CheckpointerMain  |       |             |              |          |       | checkpointer
       |         | 730 |            |          |         |                  |             |                 |             | 2023-03-26 17:21:39.299583+00 |            |             |              |                 |                   |       |             |              |          |       | walreceiver
(4 rows)
[Sun 26 Mar 2023 05:21:59 PM UTC]: check psql connections
 datid | datname | pid | leader_pid | usesysid | usename | application_name | client_addr | client_hostname | client_port |         backend_start         | xact_start | query_start | state_change | wait_event_type |    wait_event     | state | backend_xid | backend_xmin | query_id | query |   backend_type    
-------+---------+-----+------------+----------+---------+------------------+-------------+-----------------+-------------+-------------------------------+------------+-------------+--------------+-----------------+-------------------+-------+-------------+--------------+----------+-------+-------------------
       |         |  31 |            |          |         |                  |             |                 |             | 2023-03-26 17:07:03.340367+00 |            |             |              | IPC             | RestoreCommand    |       |             |              |          |       | startup
       |         |  30 |            |          |         |                  |             |                 |             | 2023-03-26 17:07:03.340145+00 |            |             |              | Activity        | BgWriterHibernate |       |             |              |          |       | background writer
       |         |  29 |            |          |         |                  |             |                 |             | 2023-03-26 17:07:03.339902+00 |            |             |              | Activity        | CheckpointerMain  |       |             |              |          |       | checkpointer
(3 rows)
[Sun 26 Mar 2023 05:22:00 PM UTC]: check psql connections
 datid | datname | pid | leader_pid | usesysid | usename | application_name | client_addr | client_hostname | client_port |         backend_start         | xact_start | query_start | state_change | wait_event_type |       wait_event        | state | backend_xid | backend_xmin | query_id | query |   backend_type    
-------+---------+-----+------------+----------+---------+------------------+-------------+-----------------+-------------+-------------------------------+------------+-------------+--------------+-----------------+-------------------------+-------+-------------+--------------+----------+-------+-------------------
       |         |  31 |            |          |         |                  |             |                 |             | 2023-03-26 17:07:03.340367+00 |            |             |              | Activity        | RecoveryWalStream       |       |             |              |          |       | startup
       |         |  30 |            |          |         |                  |             |                 |             | 2023-03-26 17:07:03.340145+00 |            |             |              | Activity        | BgWriterHibernate       |       |             |              |          |       | background writer
       |         |  29 |            |          |         |                  |             |                 |             | 2023-03-26 17:07:03.339902+00 |            |             |              | Activity        | CheckpointerMain        |       |             |              |          |       | checkpointer
       |         | 894 |            |          |         |                  |             |                 |             | 2023-03-26 17:21:59.588117+00 |            |             |              | Client          | LibPQWalReceiverConnect |       |             |              |          |       | walreceiver
(4 rows)
[Sun 26 Mar 2023 05:22:10 PM UTC]: check psql connections
 datid | datname | pid | leader_pid | usesysid | usename | application_name | client_addr | client_hostname | client_port |         backend_start         | xact_start | query_start | state_change | wait_event_type |    wait_event     | state | backend_xid | backend_xmin | query_id | query |   backend_type    
-------+---------+-----+------------+----------+---------+------------------+-------------+-----------------+-------------+-------------------------------+------------+-------------+--------------+-----------------+-------------------+-------+-------------+--------------+----------+-------+-------------------
       |         |  31 |            |          |         |                  |             |                 |             | 2023-03-26 17:07:03.340367+00 |            |             |              | IPC             | RestoreCommand    |       |             |              |          |       | startup
       |         |  30 |            |          |         |                  |             |                 |             | 2023-03-26 17:07:03.340145+00 |            |             |              | Activity        | BgWriterHibernate |       |             |              |          |       | background writer
       |         |  29 |            |          |         |                  |             |                 |             | 2023-03-26 17:07:03.339902+00 |            |             |              | Activity        | CheckpointerMain  |       |             |              |          |       | checkpointer
(3 rows)
[Sun 26 Mar 2023 05:22:12 PM UTC]: check psql connections
 datid | datname | pid  | leader_pid | usesysid | usename  | application_name | client_addr | client_hostname | client_port |         backend_start         | xact_start | query_start | state_change | wait_event_type |     wait_event      | state | backend_xid | backend_xmin | query_id | query |         backend_type         
-------+---------+------+------------+----------+----------+------------------+-------------+-----------------+-------------+-------------------------------+------------+-------------+--------------+-----------------+---------------------+-------+-------------+--------------+----------+-------+------------------------------
       |         | 1039 |            |          |          |                  |             |                 |             | 2023-03-26 17:22:12.034499+00 |            |             |              | Activity        | AutoVacuumMain      |       |             |              |          |       | autovacuum launcher
       |         | 1041 |            |       10 | postgres |                  |             |                 |             | 2023-03-26 17:22:12.035149+00 |            |             |              | Activity        | LogicalLauncherMain |       |             |              |          |       | logical replication launcher
       |         |   30 |            |          |          |                  |             |                 |             | 2023-03-26 17:07:03.340145+00 |            |             |              | Activity        | BgWriterHibernate   |       |             |              |          |       | background writer
       |         | 1040 |            |          |          |                  |             |                 |             | 2023-03-26 17:22:12.034741+00 |            |             |              | Activity        | ArchiverMain        |       |             |              |          |       | archiver
       |         |   29 |            |          |          |                  |             |                 |             | 2023-03-26 17:07:03.339902+00 |            |             |              | Activity        | CheckpointerMain    |       |             |              |          |       | checkpointer
       |         | 1038 |            |          |          |                  |             |                 |             | 2023-03-26 17:22:12.034221+00 |            |             |              | Activity        | WalWriterMain       |       |             |              |          |       | walwriter
(6 rows)
[Sun 26 Mar 2023 05:22:32 PM UTC]: check psql connections
 datid | datname | pid  | leader_pid | usesysid | usename  | application_name | client_addr | client_hostname | client_port |         backend_start         | xact_start | query_start | state_change | wait_event_type |     wait_event      | state | backend_xid | backend_xmin | query_id | query |         backend_type         
-------+---------+------+------------+----------+----------+------------------+-------------+-----------------+-------------+-------------------------------+------------+-------------+--------------+-----------------+---------------------+-------+-------------+--------------+----------+-------+------------------------------
       |         | 1039 |            |          |          |                  |             |                 |             | 2023-03-26 17:22:12.034499+00 |            |             |              | Activity        | AutoVacuumMain      |       |             |              |          |       | autovacuum launcher
       |         | 1041 |            |       10 | postgres |                  |             |                 |             | 2023-03-26 17:22:12.035149+00 |            |             |              | Activity        | LogicalLauncherMain |       |             |              |          |       | logical replication launcher
       |         |   30 |            |          |          |                  |             |                 |             | 2023-03-26 17:07:03.340145+00 |            |             |              | Activity        | BgWriterMain        |       |             |              |          |       | background writer
       |         | 1040 |            |          |          |                  |             |                 |             | 2023-03-26 17:22:12.034741+00 |            |             |              | Activity        | ArchiverMain        |       |             |              |          |       | archiver
       |         |   29 |            |          |          |                  |             |                 |             | 2023-03-26 17:07:03.339902+00 |            |             |              | Activity        | CheckpointerMain    |       |             |              |          |       | checkpointer
       |         | 1038 |            |          |          |                  |             |                 |             | 2023-03-26 17:22:12.034221+00 |            |             |              | Activity        | WalWriterMain       |       |             |              |          |       | walwriter
(6 rows)
[Sun 26 Mar 2023 05:22:33 PM UTC]: check psql connections
 datid | datname | pid  | leader_pid | usesysid | usename  | application_name | client_addr | client_hostname | client_port |         backend_start         | xact_start | query_start | state_change | wait_event_type |     wait_event      | state | backend_xid | backend_xmin | query_id | query |         backend_type         
-------+---------+------+------------+----------+----------+------------------+-------------+-----------------+-------------+-------------------------------+------------+-------------+--------------+-----------------+---------------------+-------+-------------+--------------+----------+-------+------------------------------
       |         | 1039 |            |          |          |                  |             |                 |             | 2023-03-26 17:22:12.034499+00 |            |             |              | Activity        | AutoVacuumMain      |       |             |              |          |       | autovacuum launcher
       |         | 1041 |            |       10 | postgres |                  |             |                 |             | 2023-03-26 17:22:12.035149+00 |            |             |              | Activity        | LogicalLauncherMain |       |             |              |          |       | logical replication launcher
       |         |   30 |            |          |          |                  |             |                 |             | 2023-03-26 17:07:03.340145+00 |            |             |              | Activity        | BgWriterHibernate   |       |             |              |          |       | background writer
       |         | 1040 |            |          |          |                  |             |                 |             | 2023-03-26 17:22:12.034741+00 |            |             |              | Activity        | ArchiverMain        |       |             |              |          |       | archiver
       |         |   29 |            |          |          |                  |             |                 |             | 2023-03-26 17:07:03.339902+00 |            |             |              | Activity        | CheckpointerMain    |       |             |              |          |       | checkpointer
       |         | 1038 |            |          |          |                  |             |                 |             | 2023-03-26 17:22:12.034221+00 |            |             |              | Activity        | WalWriterMain       |       |             |              |          |       | walwriter
(6 rows)
[Sun 26 Mar 2023 05:22:43 PM UTC]: check psql connections
 datid | datname | pid  | leader_pid | usesysid | usename  | application_name | client_addr | client_hostname | client_port |         backend_start         | xact_start | query_start | state_change | wait_event_type |     wait_event      | state | backend_xid | backend_xmin | query_id | query |         backend_type         
-------+---------+------+------------+----------+----------+------------------+-------------+-----------------+-------------+-------------------------------+------------+-------------+--------------+-----------------+---------------------+-------+-------------+--------------+----------+-------+------------------------------
       |         | 1039 |            |          |          |                  |             |                 |             | 2023-03-26 17:22:12.034499+00 |            |             |              | Activity        | AutoVacuumMain      |       |             |              |          |       | autovacuum launcher
       |         | 1041 |            |       10 | postgres |                  |             |                 |             | 2023-03-26 17:22:12.035149+00 |            |             |              | Activity        | LogicalLauncherMain |       |             |              |          |       | logical replication launcher
       |         |   30 |            |          |          |                  |             |                 |             | 2023-03-26 17:07:03.340145+00 |            |             |              | Activity        | BgWriterMain        |       |             |              |          |       | background writer
       |         | 1040 |            |          |          |                  |             |                 |             | 2023-03-26 17:22:12.034741+00 |            |             |              | Activity        | ArchiverMain        |       |             |              |          |       | archiver
       |         |   29 |            |          |          |                  |             |                 |             | 2023-03-26 17:07:03.339902+00 |            |             |              | Activity        | CheckpointerMain    |       |             |              |          |       | checkpointer
       |         | 1038 |            |          |          |                  |             |                 |             | 2023-03-26 17:22:12.034221+00 |            |             |              | Activity        | WalWriterMain       |       |             |              |          |       | walwriter
(6 rows)
[Sun 26 Mar 2023 05:22:44 PM UTC]: check psql connections
 datid | datname | pid  | leader_pid | usesysid | usename  | application_name | client_addr | client_hostname | client_port |         backend_start         | xact_start | query_start | state_change | wait_event_type |     wait_event      | state | backend_xid | backend_xmin | query_id | query |         backend_type         
-------+---------+------+------------+----------+----------+------------------+-------------+-----------------+-------------+-------------------------------+------------+-------------+--------------+-----------------+---------------------+-------+-------------+--------------+----------+-------+------------------------------
       |         | 1039 |            |          |          |                  |             |                 |             | 2023-03-26 17:22:12.034499+00 |            |             |              | Activity        | AutoVacuumMain      |       |             |              |          |       | autovacuum launcher
       |         | 1041 |            |       10 | postgres |                  |             |                 |             | 2023-03-26 17:22:12.035149+00 |            |             |              | Activity        | LogicalLauncherMain |       |             |              |          |       | logical replication launcher
       |         |   30 |            |          |          |                  |             |                 |             | 2023-03-26 17:07:03.340145+00 |            |             |              | Activity        | BgWriterHibernate   |       |             |              |          |       | background writer
       |         | 1040 |            |          |          |                  |             |                 |             | 2023-03-26 17:22:12.034741+00 |            |             |              | Activity        | ArchiverMain        |       |             |              |          |       | archiver
       |         |   29 |            |          |          |                  |             |                 |             | 2023-03-26 17:07:03.339902+00 |            |             |              | Activity        | CheckpointerMain    |       |             |              |          |       | checkpointer
       |         | 1038 |            |          |          |                  |             |                 |             | 2023-03-26 17:22:12.034221+00 |            |             |              | Activity        | WalWriterMain       |       |             |              |          |       | walwriter
(6 rows)
[Sun 26 Mar 2023 05:22:49 PM UTC]: check psql connections
 datid | datname  | pid  | leader_pid | usesysid | usename  |   application_name    | client_addr | client_hostname | client_port |         backend_start         |          xact_start           |          query_start          |         state_change          | wait_event_type |     wait_event      | state  | backend_xid | backend_xmin | query_id |                                               query                                               |         backend_type         
-------+----------+------+------------+----------+----------+-----------------------+-------------+-----------------+-------------+-------------------------------+-------------------------------+-------------------------------+-------------------------------+-----------------+---------------------+--------+-------------+--------------+----------+---------------------------------------------------------------------------------------------------+------------------------------
       |          | 1039 |            |          |          |                       |             |                 |             | 2023-03-26 17:22:12.034499+00 |                               |                               |                               | Activity        | AutoVacuumMain      |        |             |              |          |                                                                                                   | autovacuum launcher
       |          | 1041 |            |       10 | postgres |                       |             |                 |             | 2023-03-26 17:22:12.035149+00 |                               |                               |                               | Activity        | LogicalLauncherMain |        |             |              |          |                                                                                                   | logical replication launcher
     5 | postgres | 1425 |            |       10 | postgres | cnpg-instance-manager |             |                 |          -1 | 2023-03-26 17:22:49.274464+00 | 2023-03-26 17:22:49.276152+00 | 2023-03-26 17:22:49.276152+00 | 2023-03-26 17:22:49.276153+00 |                 |                     | active |             |          743 |          | SELECT                                                                                           +| client backend
       |          |      |            |          |          |                       |             |                 |             |                               |                               |                               |                               |                 |                     |        |             |              |          |                         application_name,                                                        +| 
       |          |      |            |          |          |                       |             |                 |             |                               |                               |                               |                               |                 |                     |        |             |              |          |                         coalesce(state, ''),                                                     +| 
       |          |      |            |          |          |                       |             |                 |             |                               |                               |                               |                               |                 |                     |        |             |              |          |                         coalesce(sent_lsn::text, ''),                                            +| 
       |          |      |            |          |          |                       |             |                 |             |                               |                               |                               |                               |                 |                     |        |             |              |          |                         coalesce(write_lsn::text, ''),                                           +| 
       |          |      |            |          |          |                       |             |                 |             |                               |                               |                               |                               |                 |                     |        |             |              |          |                         coalesce(flush_lsn::text, ''),                                           +| 
       |          |      |            |          |          |                       |             |                 |             |                               |                               |                               |                               |                 |                     |        |             |              |          |                         coalesce(replay_lsn::text, ''),                                          +| 
       |          |      |            |          |          |                       |             |                 |             |                               |                               |                               |                               |                 |                     |        |             |              |          |                         coalesce(write_lag, '0'::interval),                                      +| 
       |          |      |            |          |          |                       |             |                 |             |                               |                               |                               |                               |                 |                     |        |             |              |          |                         coalesce(flush_lag, '0'::interval),                                      +| 
       |          |      |            |          |          |                       |             |                 |             |                               |                               |                               |                               |                 |                     |        |             |              |          |                         coalesce(replay_lag, '0'::interval),                                     +| 
       |          |      |            |          |          |                       |             |                 |             |                               |                               |                               |                               |                 |                     |        |             |              |          |                         coalesce(sync_state, ''),                                                +| 
       |          |      |            |          |          |                       |             |                 |             |                               |                               |                               |                               |                 |                     |        |             |              |          |                         coalesce(sync_priority, 0)                                               +| 
       |          |      |            |          |          |                       |             |                 |             |                               |                               |                               |                               |                 |                     |        |             |              |          |                 FROM pg_catalog.pg_stat_replication                                              +| 
       |          |      |            |          |          |                       |             |                 |             |                               |                               |                               |                               |                 |                     |        |             |              |          |                 WHERE application_name LIKE 'cluster-example-%' AND usename = 'streaming_replica' | 
       |          |   30 |            |          |          |                       |             |                 |             | 2023-03-26 17:07:03.340145+00 |                               |                               |                               | Activity        | BgWriterHibernate   |        |             |              |          |                                                                                                   | background writer
       |          | 1040 |            |          |          |                       |             |                 |             | 2023-03-26 17:22:12.034741+00 |                               |                               |                               | Activity        | ArchiverMain        |        |             |              |          |                                                                                                   | archiver
       |          |   29 |            |          |          |                       |             |                 |             | 2023-03-26 17:07:03.339902+00 |                               |                               |                               | Activity        | CheckpointerMain    |        |             |              |          |                                                                                                   | checkpointer
       |          | 1038 |            |          |          |                       |             |                 |             | 2023-03-26 17:22:12.034221+00 |                               |                               |                               | Activity        | WalWriterMain       |        |             |              |          |                                                                                                   | walwriter
(7 rows)
[Sun 26 Mar 2023 05:22:50 PM UTC]: check psql connections
 datid | datname | pid  | leader_pid | usesysid | usename  | application_name | client_addr | client_hostname | client_port |         backend_start         | xact_start | query_start | state_change | wait_event_type |     wait_event      | state | backend_xid | backend_xmin | query_id | query |         backend_type         
-------+---------+------+------------+----------+----------+------------------+-------------+-----------------+-------------+-------------------------------+------------+-------------+--------------+-----------------+---------------------+-------+-------------+--------------+----------+-------+------------------------------
       |         | 1039 |            |          |          |                  |             |                 |             | 2023-03-26 17:22:12.034499+00 |            |             |              | Activity        | AutoVacuumMain      |       |             |              |          |       | autovacuum launcher
       |         | 1041 |            |       10 | postgres |                  |             |                 |             | 2023-03-26 17:22:12.035149+00 |            |             |              | Activity        | LogicalLauncherMain |       |             |              |          |       | logical replication launcher
       |         |   30 |            |          |          |                  |             |                 |             | 2023-03-26 17:07:03.340145+00 |            |             |              | Activity        | BgWriterHibernate   |       |             |              |          |       | background writer
       |         | 1040 |            |          |          |                  |             |                 |             | 2023-03-26 17:22:12.034741+00 |            |             |              | Activity        | ArchiverMain        |       |             |              |          |       | archiver
       |         |   29 |            |          |          |                  |             |                 |             | 2023-03-26 17:07:03.339902+00 |            |             |              | Activity        | CheckpointerMain    |       |             |              |          |       | checkpointer
       |         | 1038 |            |          |          |                  |             |                 |             | 2023-03-26 17:22:12.034221+00 |            |             |              | Activity        | WalWriterMain       |       |             |              |          |       | walwriter
(6 rows)
[Sun 26 Mar 2023 05:22:52 PM UTC]: check psql connections
 datid | datname | pid  | leader_pid | usesysid | usename  | application_name | client_addr | client_hostname | client_port |         backend_start         | xact_start | query_start | state_change | wait_event_type |     wait_event      | state | backend_xid | backend_xmin | query_id | query |         backend_type         
-------+---------+------+------------+----------+----------+------------------+-------------+-----------------+-------------+-------------------------------+------------+-------------+--------------+-----------------+---------------------+-------+-------------+--------------+----------+-------+------------------------------
       |         | 1039 |            |          |          |                  |             |                 |             | 2023-03-26 17:22:12.034499+00 |            |             |              | Activity        | AutoVacuumMain      |       |             |              |          |       | autovacuum launcher
       |         | 1041 |            |       10 | postgres |                  |             |                 |             | 2023-03-26 17:22:12.035149+00 |            |             |              | Activity        | LogicalLauncherMain |       |             |              |          |       | logical replication launcher
       |         |   30 |            |          |          |                  |             |                 |             | 2023-03-26 17:07:03.340145+00 |            |             |              | Activity        | BgWriterMain        |       |             |              |          |       | background writer
       |         | 1040 |            |          |          |                  |             |                 |             | 2023-03-26 17:22:12.034741+00 |            |             |              | Activity        | ArchiverMain        |       |             |              |          |       | archiver
       |         |   29 |            |          |          |                  |             |                 |             | 2023-03-26 17:07:03.339902+00 |            |             |              | Activity        | CheckpointerMain    |       |             |              |          |       | checkpointer
       |         | 1038 |            |          |          |                  |             |                 |             | 2023-03-26 17:22:12.034221+00 |            |             |              | Activity        | WalWriterMain       |       |             |              |          |       | walwriter
(6 rows)
[Sun 26 Mar 2023 05:22:53 PM UTC]: check psql connections
 datid | datname | pid  | leader_pid | usesysid | usename  | application_name | client_addr | client_hostname | client_port |         backend_start         | xact_start | query_start | state_change | wait_event_type |     wait_event      | state | backend_xid | backend_xmin | query_id | query |         backend_type         
-------+---------+------+------------+----------+----------+------------------+-------------+-----------------+-------------+-------------------------------+------------+-------------+--------------+-----------------+---------------------+-------+-------------+--------------+----------+-------+------------------------------
       |         | 1039 |            |          |          |                  |             |                 |             | 2023-03-26 17:22:12.034499+00 |            |             |              | Activity        | AutoVacuumMain      |       |             |              |          |       | autovacuum launcher
       |         | 1041 |            |       10 | postgres |                  |             |                 |             | 2023-03-26 17:22:12.035149+00 |            |             |              | Activity        | LogicalLauncherMain |       |             |              |          |       | logical replication launcher
       |         |   30 |            |          |          |                  |             |                 |             | 2023-03-26 17:07:03.340145+00 |            |             |              | Activity        | BgWriterHibernate   |       |             |              |          |       | background writer
       |         | 1040 |            |          |          |                  |             |                 |             | 2023-03-26 17:22:12.034741+00 |            |             |              | Activity        | ArchiverMain        |       |             |              |          |       | archiver
       |         |   29 |            |          |          |                  |             |                 |             | 2023-03-26 17:07:03.339902+00 |            |             |              | Activity        | CheckpointerMain    |       |             |              |          |       | checkpointer
       |         | 1038 |            |          |          |                  |             |                 |             | 2023-03-26 17:22:12.034221+00 |            |             |              | Activity        | WalWriterMain       |       |             |              |          |       | walwriter
(6 rows)
[Sun 26 Mar 2023 05:23:12 PM UTC]: check psql connections
 datid | datname | pid  | leader_pid | usesysid | usename  | application_name | client_addr | client_hostname | client_port |         backend_start         | xact_start | query_start | state_change | wait_event_type |     wait_event      | state | backend_xid | backend_xmin | query_id | query |         backend_type         
-------+---------+------+------------+----------+----------+------------------+-------------+-----------------+-------------+-------------------------------+------------+-------------+--------------+-----------------+---------------------+-------+-------------+--------------+----------+-------+------------------------------
       |         | 1039 |            |          |          |                  |             |                 |             | 2023-03-26 17:22:12.034499+00 |            |             |              | Activity        | AutoVacuumMain      |       |             |              |          |       | autovacuum launcher
       |         | 1041 |            |       10 | postgres |                  |             |                 |             | 2023-03-26 17:22:12.035149+00 |            |             |              | Activity        | LogicalLauncherMain |       |             |              |          |       | logical replication launcher
       |         |   30 |            |          |          |                  |             |                 |             | 2023-03-26 17:07:03.340145+00 |            |             |              | Activity        | BgWriterMain        |       |             |              |          |       | background writer
       |         | 1040 |            |          |          |                  |             |                 |             | 2023-03-26 17:22:12.034741+00 |            |             |              | Activity        | ArchiverMain        |       |             |              |          |       | archiver
       |         |   29 |            |          |          |                  |             |                 |             | 2023-03-26 17:07:03.339902+00 |            |             |              | Activity        | CheckpointerMain    |       |             |              |          |       | checkpointer
       |         | 1038 |            |          |          |                  |             |                 |             | 2023-03-26 17:22:12.034221+00 |            |             |              | Activity        | WalWriterMain       |       |             |              |          |       | walwriter
(6 rows)
[Sun 26 Mar 2023 05:23:13 PM UTC]: check psql connections
 datid | datname | pid  | leader_pid | usesysid | usename  | application_name | client_addr | client_hostname | client_port |         backend_start         | xact_start | query_start | state_change | wait_event_type |     wait_event      | state | backend_xid | backend_xmin | query_id | query |         backend_type         
-------+---------+------+------------+----------+----------+------------------+-------------+-----------------+-------------+-------------------------------+------------+-------------+--------------+-----------------+---------------------+-------+-------------+--------------+----------+-------+------------------------------
       |         | 1039 |            |          |          |                  |             |                 |             | 2023-03-26 17:22:12.034499+00 |            |             |              | Activity        | AutoVacuumMain      |       |             |              |          |       | autovacuum launcher
       |         | 1041 |            |       10 | postgres |                  |             |                 |             | 2023-03-26 17:22:12.035149+00 |            |             |              | Activity        | LogicalLauncherMain |       |             |              |          |       | logical replication launcher
       |         |   30 |            |          |          |                  |             |                 |             | 2023-03-26 17:07:03.340145+00 |            |             |              | Activity        | BgWriterHibernate   |       |             |              |          |       | background writer
       |         | 1040 |            |          |          |                  |             |                 |             | 2023-03-26 17:22:12.034741+00 |            |             |              | Activity        | ArchiverMain        |       |             |              |          |       | archiver
       |         |   29 |            |          |          |                  |             |                 |             | 2023-03-26 17:07:03.339902+00 |            |             |              | Activity        | CheckpointerMain    |       |             |              |          |       | checkpointer
       |         | 1038 |            |          |          |                  |             |                 |             | 2023-03-26 17:22:12.034221+00 |            |             |              | Activity        | WalWriterMain       |       |             |              |          |       | walwriter
(6 rows)
[Sun 26 Mar 2023 05:23:53 PM UTC]: check psql connections
 datid | datname | pid  | leader_pid | usesysid | usename  | application_name | client_addr | client_hostname | client_port |         backend_start         | xact_start | query_start | state_change | wait_event_type |     wait_event      | state | backend_xid | backend_xmin | query_id | query |         backend_type         
-------+---------+------+------------+----------+----------+------------------+-------------+-----------------+-------------+-------------------------------+------------+-------------+--------------+-----------------+---------------------+-------+-------------+--------------+----------+-------+------------------------------
       |         | 1039 |            |          |          |                  |             |                 |             | 2023-03-26 17:22:12.034499+00 |            |             |              | Activity        | AutoVacuumMain      |       |             |              |          |       | autovacuum launcher
       |         | 1041 |            |       10 | postgres |                  |             |                 |             | 2023-03-26 17:22:12.035149+00 |            |             |              | Activity        | LogicalLauncherMain |       |             |              |          |       | logical replication launcher
       |         |   30 |            |          |          |                  |             |                 |             | 2023-03-26 17:07:03.340145+00 |            |             |              | Activity        | BgWriterMain        |       |             |              |          |       | background writer
       |         | 1040 |            |          |          |                  |             |                 |             | 2023-03-26 17:22:12.034741+00 |            |             |              | Activity        | ArchiverMain        |       |             |              |          |       | archiver
       |         |   29 |            |          |          |                  |             |                 |             | 2023-03-26 17:07:03.339902+00 |            |             |              | Activity        | CheckpointerMain    |       |             |              |          |       | checkpointer
       |         | 1038 |            |          |          |                  |             |                 |             | 2023-03-26 17:22:12.034221+00 |            |             |              | Activity        | WalWriterMain       |       |             |              |          |       | walwriter
(6 rows)
[Sun 26 Mar 2023 05:23:54 PM UTC]: check psql connections
 datid | datname | pid  | leader_pid | usesysid | usename  | application_name | client_addr | client_hostname | client_port |         backend_start         | xact_start | query_start | state_change | wait_event_type |     wait_event      | state | backend_xid | backend_xmin | query_id | query |         backend_type         
-------+---------+------+------------+----------+----------+------------------+-------------+-----------------+-------------+-------------------------------+------------+-------------+--------------+-----------------+---------------------+-------+-------------+--------------+----------+-------+------------------------------
       |         | 1039 |            |          |          |                  |             |                 |             | 2023-03-26 17:22:12.034499+00 |            |             |              | Activity        | AutoVacuumMain      |       |             |              |          |       | autovacuum launcher
       |         | 1041 |            |       10 | postgres |                  |             |                 |             | 2023-03-26 17:22:12.035149+00 |            |             |              | Activity        | LogicalLauncherMain |       |             |              |          |       | logical replication launcher
       |         |   30 |            |          |          |                  |             |                 |             | 2023-03-26 17:07:03.340145+00 |            |             |              | Activity        | BgWriterHibernate   |       |             |              |          |       | background writer
       |         | 1040 |            |          |          |                  |             |                 |             | 2023-03-26 17:22:12.034741+00 |            |             |              | Activity        | ArchiverMain        |       |             |              |          |       | archiver
       |         |   29 |            |          |          |                  |             |                 |             | 2023-03-26 17:07:03.339902+00 |            |             |              | Activity        | CheckpointerMain    |       |             |              |          |       | checkpointer
       |         | 1038 |            |          |          |                  |             |                 |             | 2023-03-26 17:22:12.034221+00 |            |             |              | Activity        | WalWriterMain       |       |             |              |          |       | walwriter
(6 rows)
[Sun 26 Mar 2023 05:24:54 PM UTC]: check psql connections
 datid | datname | pid  | leader_pid | usesysid | usename  | application_name | client_addr | client_hostname | client_port |         backend_start         | xact_start | query_start | state_change | wait_event_type |     wait_event      | state | backend_xid | backend_xmin | query_id | query |         backend_type         
-------+---------+------+------------+----------+----------+------------------+-------------+-----------------+-------------+-------------------------------+------------+-------------+--------------+-----------------+---------------------+-------+-------------+--------------+----------+-------+------------------------------
       |         | 1039 |            |          |          |                  |             |                 |             | 2023-03-26 17:22:12.034499+00 |            |             |              | Activity        | AutoVacuumMain      |       |             |              |          |       | autovacuum launcher
       |         | 1041 |            |       10 | postgres |                  |             |                 |             | 2023-03-26 17:22:12.035149+00 |            |             |              | Activity        | LogicalLauncherMain |       |             |              |          |       | logical replication launcher
       |         |   30 |            |          |          |                  |             |                 |             | 2023-03-26 17:07:03.340145+00 |            |             |              | Activity        | BgWriterMain        |       |             |              |          |       | background writer
       |         | 1040 |            |          |          |                  |             |                 |             | 2023-03-26 17:22:12.034741+00 |            |             |              | Activity        | ArchiverMain        |       |             |              |          |       | archiver
       |         |   29 |            |          |          |                  |             |                 |             | 2023-03-26 17:07:03.339902+00 |            |             |              | Activity        | CheckpointerMain    |       |             |              |          |       | checkpointer
       |         | 1038 |            |          |          |                  |             |                 |             | 2023-03-26 17:22:12.034221+00 |            |             |              | Activity        | WalWriterMain       |       |             |              |          |       | walwriter
(6 rows)
[Sun 26 Mar 2023 05:24:55 PM UTC]: check psql connections
 datid | datname | pid  | leader_pid | usesysid | usename  | application_name | client_addr | client_hostname | client_port |         backend_start         | xact_start | query_start | state_change | wait_event_type |     wait_event      | state | backend_xid | backend_xmin | query_id | query |         backend_type         
-------+---------+------+------------+----------+----------+------------------+-------------+-----------------+-------------+-------------------------------+------------+-------------+--------------+-----------------+---------------------+-------+-------------+--------------+----------+-------+------------------------------
       |         | 1039 |            |          |          |                  |             |                 |             | 2023-03-26 17:22:12.034499+00 |            |             |              | Activity        | AutoVacuumMain      |       |             |              |          |       | autovacuum launcher
       |         | 1041 |            |       10 | postgres |                  |             |                 |             | 2023-03-26 17:22:12.035149+00 |            |             |              | Activity        | LogicalLauncherMain |       |             |              |          |       | logical replication launcher
       |         |   30 |            |          |          |                  |             |                 |             | 2023-03-26 17:07:03.340145+00 |            |             |              | Activity        | BgWriterHibernate   |       |             |              |          |       | background writer
       |         | 1040 |            |          |          |                  |             |                 |             | 2023-03-26 17:22:12.034741+00 |            |             |              | Activity        | ArchiverMain        |       |             |              |          |       | archiver
       |         |   29 |            |          |          |                  |             |                 |             | 2023-03-26 17:07:03.339902+00 |            |             |              | Activity        | CheckpointerMain    |       |             |              |          |       | checkpointer
       |         | 1038 |            |          |          |                  |             |                 |             | 2023-03-26 17:22:12.034221+00 |            |             |              | Activity        | WalWriterMain       |       |             |              |          |       | walwriter
(6 rows)
[Sun 26 Mar 2023 05:25:56 PM UTC]: check psql connections
 datid | datname | pid  | leader_pid | usesysid | usename  | application_name | client_addr | client_hostname | client_port |         backend_start         | xact_start | query_start | state_change | wait_event_type |     wait_event      | state | backend_xid | backend_xmin | query_id | query |         backend_type         
-------+---------+------+------------+----------+----------+------------------+-------------+-----------------+-------------+-------------------------------+------------+-------------+--------------+-----------------+---------------------+-------+-------------+--------------+----------+-------+------------------------------
       |         | 1039 |            |          |          |                  |             |                 |             | 2023-03-26 17:22:12.034499+00 |            |             |              | Activity        | AutoVacuumMain      |       |             |              |          |       | autovacuum launcher
       |         | 1041 |            |       10 | postgres |                  |             |                 |             | 2023-03-26 17:22:12.035149+00 |            |             |              | Activity        | LogicalLauncherMain |       |             |              |          |       | logical replication launcher
       |         |   30 |            |          |          |                  |             |                 |             | 2023-03-26 17:07:03.340145+00 |            |             |              | Activity        | BgWriterMain        |       |             |              |          |       | background writer
       |         | 1040 |            |          |          |                  |             |                 |             | 2023-03-26 17:22:12.034741+00 |            |             |              | Activity        | ArchiverMain        |       |             |              |          |       | archiver
       |         |   29 |            |          |          |                  |             |                 |             | 2023-03-26 17:07:03.339902+00 |            |             |              | Activity        | CheckpointerMain    |       |             |              |          |       | checkpointer
       |         | 1038 |            |          |          |                  |             |                 |             | 2023-03-26 17:22:12.034221+00 |            |             |              | Activity        | WalWriterMain       |       |             |              |          |       | walwriter
(6 rows)
[Sun 26 Mar 2023 05:25:57 PM UTC]: check psql connections
 datid | datname | pid  | leader_pid | usesysid | usename  | application_name | client_addr | client_hostname | client_port |         backend_start         | xact_start | query_start | state_change | wait_event_type |     wait_event      | state | backend_xid | backend_xmin | query_id | query |         backend_type         
-------+---------+------+------------+----------+----------+------------------+-------------+-----------------+-------------+-------------------------------+------------+-------------+--------------+-----------------+---------------------+-------+-------------+--------------+----------+-------+------------------------------
       |         | 1039 |            |          |          |                  |             |                 |             | 2023-03-26 17:22:12.034499+00 |            |             |              | Activity        | AutoVacuumMain      |       |             |              |          |       | autovacuum launcher
       |         | 1041 |            |       10 | postgres |                  |             |                 |             | 2023-03-26 17:22:12.035149+00 |            |             |              | Activity        | LogicalLauncherMain |       |             |              |          |       | logical replication launcher
       |         |   30 |            |          |          |                  |             |                 |             | 2023-03-26 17:07:03.340145+00 |            |             |              | Activity        | BgWriterHibernate   |       |             |              |          |       | background writer
       |         | 1040 |            |          |          |                  |             |                 |             | 2023-03-26 17:22:12.034741+00 |            |             |              | Activity        | ArchiverMain        |       |             |              |          |       | archiver
       |         |   29 |            |          |          |                  |             |                 |             | 2023-03-26 17:07:03.339902+00 |            |             |              | Activity        | CheckpointerMain    |       |             |              |          |       | checkpointer
       |         | 1038 |            |          |          |                  |             |                 |             | 2023-03-26 17:22:12.034221+00 |            |             |              | Activity        | WalWriterMain       |       |             |              |          |       | walwriter
(6 rows)
[Sun 26 Mar 2023 05:26:15 PM UTC]: check psql connections
 datid | datname  | pid  | leader_pid | usesysid |      usename      | application_name  | client_addr | client_hostname | client_port |         backend_start         |          xact_start           |          query_start          |         state_change          | wait_event_type |     wait_event      | state  | backend_xid | backend_xmin | query_id |                                  query                                  |         backend_type         
-------+----------+------+------------+----------+-------------------+-------------------+-------------+-----------------+-------------+-------------------------------+-------------------------------+-------------------------------+-------------------------------+-----------------+---------------------+--------+-------------+--------------+----------+-------------------------------------------------------------------------+------------------------------
       |          | 1039 |            |          |                   |                   |             |                 |             | 2023-03-26 17:22:12.034499+00 |                               |                               |                               | Activity        | AutoVacuumMain      |        |             |              |          |                                                                         | autovacuum launcher
       |          | 1041 |            |       10 | postgres          |                   |             |                 |             | 2023-03-26 17:22:12.035149+00 |                               |                               |                               | Activity        | LogicalLauncherMain |        |             |              |          |                                                                         | logical replication launcher
     5 | postgres | 3468 |            |    16386 | streaming_replica | cluster-example-3 | 10.40.1.30  |                 |       39586 | 2023-03-26 17:26:15.063823+00 | 2023-03-26 17:26:15.530757+00 | 2023-03-26 17:26:15.531076+00 | 2023-03-26 17:26:15.531077+00 | Client          | ClientWrite         | active |             |          743 |          | SELECT path, begin,                                                    +| client backend
       |          |      |            |          |                   |                   |             |                 |             |                               |                               |                               |                               |                 |                     |        |             |              |          |   pg_read_binary_file(path, begin, len, true) AS chunk                 +| 
       |          |      |            |          |                   |                   |             |                 |             |                               |                               |                               |                               |                 |                     |        |             |              |          | FROM unnest ($1::text[], $2::int8[], $3::int4[]) as x(path, begin, len) | 
       |          |   30 |            |          |                   |                   |             |                 |             | 2023-03-26 17:07:03.340145+00 |                               |                               |                               | Activity        | BgWriterMain        |        |             |              |          |                                                                         | background writer
       |          | 1040 |            |          |                   |                   |             |                 |             | 2023-03-26 17:22:12.034741+00 |                               |                               |                               | Activity        | ArchiverMain        |        |             |              |          |                                                                         | archiver
       |          |   29 |            |          |                   |                   |             |                 |             | 2023-03-26 17:07:03.339902+00 |                               |                               |                               | Activity        | CheckpointerMain    |        |             |              |          |                                                                         | checkpointer
       |          | 1038 |            |          |                   |                   |             |                 |             | 2023-03-26 17:22:12.034221+00 |                               |                               |                               | Activity        | WalWriterMain       |        |             |              |          |                                                                         | walwriter
(7 rows)
[Sun 26 Mar 2023 05:26:16 PM UTC]: check psql connections
 datid | datname | pid  | leader_pid | usesysid | usename  | application_name | client_addr | client_hostname | client_port |         backend_start         | xact_start | query_start | state_change | wait_event_type |     wait_event      | state | backend_xid | backend_xmin | query_id | query |         backend_type         
-------+---------+------+------------+----------+----------+------------------+-------------+-----------------+-------------+-------------------------------+------------+-------------+--------------+-----------------+---------------------+-------+-------------+--------------+----------+-------+------------------------------
       |         | 1039 |            |          |          |                  |             |                 |             | 2023-03-26 17:22:12.034499+00 |            |             |              | Activity        | AutoVacuumMain      |       |             |              |          |       | autovacuum launcher
       |         | 1041 |            |       10 | postgres |                  |             |                 |             | 2023-03-26 17:22:12.035149+00 |            |             |              | Activity        | LogicalLauncherMain |       |             |              |          |       | logical replication launcher
       |         |   30 |            |          |          |                  |             |                 |             | 2023-03-26 17:07:03.340145+00 |            |             |              | Activity        | BgWriterHibernate   |       |             |              |          |       | background writer
       |         | 1040 |            |          |          |                  |             |                 |             | 2023-03-26 17:22:12.034741+00 |            |             |              | Activity        | ArchiverMain        |       |             |              |          |       | archiver
       |         |   29 |            |          |          |                  |             |                 |             | 2023-03-26 17:07:03.339902+00 |            |             |              | Activity        | CheckpointerMain    |       |             |              |          |       | checkpointer
       |         | 1038 |            |          |          |                  |             |                 |             | 2023-03-26 17:22:12.034221+00 |            |             |              | Activity        | WalWriterMain       |       |             |              |          |       | walwriter
(6 rows)
[Sun 26 Mar 2023 05:27:12 PM UTC]: check psql connections
 datid | datname | pid  | leader_pid | usesysid | usename  | application_name | client_addr | client_hostname | client_port |         backend_start         | xact_start | query_start | state_change | wait_event_type |     wait_event      | state | backend_xid | backend_xmin | query_id | query |         backend_type         
-------+---------+------+------------+----------+----------+------------------+-------------+-----------------+-------------+-------------------------------+------------+-------------+--------------+-----------------+---------------------+-------+-------------+--------------+----------+-------+------------------------------
       |         | 1039 |            |          |          |                  |             |                 |             | 2023-03-26 17:22:12.034499+00 |            |             |              | Activity        | AutoVacuumMain      |       |             |              |          |       | autovacuum launcher
       |         | 1041 |            |       10 | postgres |                  |             |                 |             | 2023-03-26 17:22:12.035149+00 |            |             |              | Activity        | LogicalLauncherMain |       |             |              |          |       | logical replication launcher
       |         |   30 |            |          |          |                  |             |                 |             | 2023-03-26 17:07:03.340145+00 |            |             |              | Activity        | BgWriterHibernate   |       |             |              |          |       | background writer
       |         | 1040 |            |          |          |                  |             |                 |             | 2023-03-26 17:22:12.034741+00 |            |             |              | Activity        | ArchiverMain        |       |             |              |          |       | archiver
       |         |   29 |            |          |          |                  |             |                 |             | 2023-03-26 17:07:03.339902+00 |            |             |              | IO              | WALSync             |       |             |              |          |       | checkpointer
       |         | 1038 |            |          |          |                  |             |                 |             | 2023-03-26 17:22:12.034221+00 |            |             |              | LWLock          | WALWrite            |       |             |              |          |       | walwriter
(6 rows)
[Sun 26 Mar 2023 05:27:14 PM UTC]: check psql connections
 datid | datname | pid  | leader_pid | usesysid | usename  | application_name | client_addr | client_hostname | client_port |         backend_start         | xact_start | query_start | state_change | wait_event_type |     wait_event      | state | backend_xid | backend_xmin | query_id | query |         backend_type         
-------+---------+------+------------+----------+----------+------------------+-------------+-----------------+-------------+-------------------------------+------------+-------------+--------------+-----------------+---------------------+-------+-------------+--------------+----------+-------+------------------------------
       |         | 1039 |            |          |          |                  |             |                 |             | 2023-03-26 17:22:12.034499+00 |            |             |              | Activity        | AutoVacuumMain      |       |             |              |          |       | autovacuum launcher
       |         | 1041 |            |       10 | postgres |                  |             |                 |             | 2023-03-26 17:22:12.035149+00 |            |             |              | Activity        | LogicalLauncherMain |       |             |              |          |       | logical replication launcher
       |         |   30 |            |          |          |                  |             |                 |             | 2023-03-26 17:07:03.340145+00 |            |             |              | Activity        | BgWriterHibernate   |       |             |              |          |       | background writer
       |         | 1040 |            |          |          |                  |             |                 |             | 2023-03-26 17:22:12.034741+00 |            |             |              | Activity        | ArchiverMain        |       |             |              |          |       | archiver
       |         |   29 |            |          |          |                  |             |                 |             | 2023-03-26 17:07:03.339902+00 |            |             |              | IO              | WALInitSync         |       |             |              |          |       | checkpointer
       |         | 1038 |            |          |          |                  |             |                 |             | 2023-03-26 17:22:12.034221+00 |            |             |              | LWLock          | WALWrite            |       |             |              |          |       | walwriter
(6 rows)
[Sun 26 Mar 2023 05:27:15 PM UTC]: check psql connections
 datid | datname | pid  | leader_pid | usesysid | usename  | application_name | client_addr | client_hostname | client_port |         backend_start         | xact_start | query_start | state_change | wait_event_type |     wait_event      | state | backend_xid | backend_xmin | query_id | query |         backend_type         
-------+---------+------+------------+----------+----------+------------------+-------------+-----------------+-------------+-------------------------------+------------+-------------+--------------+-----------------+---------------------+-------+-------------+--------------+----------+-------+------------------------------
       |         | 1039 |            |          |          |                  |             |                 |             | 2023-03-26 17:22:12.034499+00 |            |             |              | Activity        | AutoVacuumMain      |       |             |              |          |       | autovacuum launcher
       |         | 1041 |            |       10 | postgres |                  |             |                 |             | 2023-03-26 17:22:12.035149+00 |            |             |              | Activity        | LogicalLauncherMain |       |             |              |          |       | logical replication launcher
       |         |   30 |            |          |          |                  |             |                 |             | 2023-03-26 17:07:03.340145+00 |            |             |              | Activity        | BgWriterHibernate   |       |             |              |          |       | background writer
       |         | 1040 |            |          |          |                  |             |                 |             | 2023-03-26 17:22:12.034741+00 |            |             |              | Activity        | ArchiverMain        |       |             |              |          |       | archiver
       |         |   29 |            |          |          |                  |             |                 |             | 2023-03-26 17:07:03.339902+00 |            |             |              | Activity        | CheckpointerMain    |       |             |              |          |       | checkpointer
       |         | 1038 |            |          |          |                  |             |                 |             | 2023-03-26 17:22:12.034221+00 |            |             |              | Activity        | WalWriterMain       |       |             |              |          |       | walwriter
(6 rows)
