[Sat 25 Mar 2023 12:21:53 PM UTC]: start mon psql connections

[Sat 25 Mar 2023 12:21:53 PM UTC]: check psql connections
 datid | datname | pid | leader_pid | usesysid | usename | application_name | client_addr | client_hostname | client_port |         backend_start         | xact_start | query_start | state_change | wait_event_type |    wait_event     | state | backend_xid | backend_xmin | query_id | query |   backend_type    
-------+---------+-----+------------+----------+---------+------------------+-------------+-----------------+-------------+-------------------------------+------------+-------------+--------------+-----------------+-------------------+-------+-------------+--------------+----------+-------+-------------------
       |         |  30 |            |          |         |                  |             |                 |             | 2023-03-25 09:36:18.841168+00 |            |             |              | Activity        | RecoveryWalStream |       |             |              |          |       | startup
       |         |  29 |            |          |         |                  |             |                 |             | 2023-03-25 09:36:18.840877+00 |            |             |              | Activity        | BgWriterMain      |       |             |              |          |       | background writer
       |         |  28 |            |          |         |                  |             |                 |             | 2023-03-25 09:36:18.840662+00 |            |             |              | Activity        | CheckpointerMain  |       |             |              |          |       | checkpointer
       |         |  89 |            |          |         |                  |             |                 |             | 2023-03-25 09:36:19.728284+00 |            |             |              | Activity        | WalReceiverMain   |       |             |              |          |       | walreceiver
(4 rows)
[Sat 25 Mar 2023 12:21:54 PM UTC]: check psql connections
 datid | datname | pid | leader_pid | usesysid | usename | application_name | client_addr | client_hostname | client_port |         backend_start         | xact_start | query_start | state_change | wait_event_type |    wait_event     | state | backend_xid | backend_xmin | query_id | query |   backend_type    
-------+---------+-----+------------+----------+---------+------------------+-------------+-----------------+-------------+-------------------------------+------------+-------------+--------------+-----------------+-------------------+-------+-------------+--------------+----------+-------+-------------------
       |         |  30 |            |          |         |                  |             |                 |             | 2023-03-25 09:36:18.841168+00 |            |             |              | Activity        | RecoveryWalStream |       |             |              |          |       | startup
       |         |  29 |            |          |         |                  |             |                 |             | 2023-03-25 09:36:18.840877+00 |            |             |              | Activity        | BgWriterHibernate |       |             |              |          |       | background writer
       |         |  28 |            |          |         |                  |             |                 |             | 2023-03-25 09:36:18.840662+00 |            |             |              | Activity        | CheckpointerMain  |       |             |              |          |       | checkpointer
       |         |  89 |            |          |         |                  |             |                 |             | 2023-03-25 09:36:19.728284+00 |            |             |              | Activity        | WalReceiverMain   |       |             |              |          |       | walreceiver
(4 rows)
[Sat 25 Mar 2023 12:22:24 PM UTC]: check psql connections
 datid | datname | pid | leader_pid | usesysid | usename | application_name | client_addr | client_hostname | client_port |         backend_start         | xact_start | query_start | state_change | wait_event_type |    wait_event     | state | backend_xid | backend_xmin | query_id | query |   backend_type    
-------+---------+-----+------------+----------+---------+------------------+-------------+-----------------+-------------+-------------------------------+------------+-------------+--------------+-----------------+-------------------+-------+-------------+--------------+----------+-------+-------------------
       |         |  30 |            |          |         |                  |             |                 |             | 2023-03-25 09:36:18.841168+00 |            |             |              | Activity        | RecoveryWalStream |       |             |              |          |       | startup
       |         |  29 |            |          |         |                  |             |                 |             | 2023-03-25 09:36:18.840877+00 |            |             |              | Activity        | BgWriterMain      |       |             |              |          |       | background writer
       |         |  28 |            |          |         |                  |             |                 |             | 2023-03-25 09:36:18.840662+00 |            |             |              | Activity        | CheckpointerMain  |       |             |              |          |       | checkpointer
       |         |  89 |            |          |         |                  |             |                 |             | 2023-03-25 09:36:19.728284+00 |            |             |              | Activity        | WalReceiverMain   |       |             |              |          |       | walreceiver
(4 rows)
[Sat 25 Mar 2023 12:22:25 PM UTC]: check psql connections
 datid | datname | pid | leader_pid | usesysid | usename | application_name | client_addr | client_hostname | client_port |         backend_start         | xact_start | query_start | state_change | wait_event_type |    wait_event     | state | backend_xid | backend_xmin | query_id | query |   backend_type    
-------+---------+-----+------------+----------+---------+------------------+-------------+-----------------+-------------+-------------------------------+------------+-------------+--------------+-----------------+-------------------+-------+-------------+--------------+----------+-------+-------------------
       |         |  30 |            |          |         |                  |             |                 |             | 2023-03-25 09:36:18.841168+00 |            |             |              | Activity        | RecoveryWalStream |       |             |              |          |       | startup
       |         |  29 |            |          |         |                  |             |                 |             | 2023-03-25 09:36:18.840877+00 |            |             |              | Activity        | BgWriterHibernate |       |             |              |          |       | background writer
       |         |  28 |            |          |         |                  |             |                 |             | 2023-03-25 09:36:18.840662+00 |            |             |              | Activity        | CheckpointerMain  |       |             |              |          |       | checkpointer
       |         |  89 |            |          |         |                  |             |                 |             | 2023-03-25 09:36:19.728284+00 |            |             |              | IO              | WALInitSync       |       |             |              |          |       | walreceiver
(4 rows)
[Sat 25 Mar 2023 12:22:26 PM UTC]: check psql connections
 datid | datname | pid | leader_pid | usesysid | usename | application_name | client_addr | client_hostname | client_port |         backend_start         | xact_start | query_start | state_change | wait_event_type |          wait_event           | state | backend_xid | backend_xmin | query_id | query |   backend_type    
-------+---------+-----+------------+----------+---------+------------------+-------------+-----------------+-------------+-------------------------------+------------+-------------+--------------+-----------------+-------------------------------+-------+-------------+--------------+----------+-------+-------------------
       |         |  30 |            |          |         |                  |             |                 |             | 2023-03-25 09:36:18.841168+00 |            |             |              | Timeout         | RecoveryRetrieveRetryInterval |       |             |              |          |       | startup
       |         |  29 |            |          |         |                  |             |                 |             | 2023-03-25 09:36:18.840877+00 |            |             |              | Activity        | BgWriterHibernate             |       |             |              |          |       | background writer
       |         |  28 |            |          |         |                  |             |                 |             | 2023-03-25 09:36:18.840662+00 |            |             |              | Activity        | CheckpointerMain              |       |             |              |          |       | checkpointer
(3 rows)
[Sat 25 Mar 2023 12:22:27 PM UTC]: check psql connections
 datid | datname | pid | leader_pid | usesysid | usename | application_name | client_addr | client_hostname | client_port |         backend_start         | xact_start | query_start | state_change | wait_event_type |    wait_event     | state | backend_xid | backend_xmin | query_id | query |   backend_type    
-------+---------+-----+------------+----------+---------+------------------+-------------+-----------------+-------------+-------------------------------+------------+-------------+--------------+-----------------+-------------------+-------+-------------+--------------+----------+-------+-------------------
       |         |  30 |            |          |         |                  |             |                 |             | 2023-03-25 09:36:18.841168+00 |            |             |              | IO              | WALCopySync       |       |             |              |          |       | startup
       |         |  29 |            |          |         |                  |             |                 |             | 2023-03-25 09:36:18.840877+00 |            |             |              | Activity        | BgWriterHibernate |       |             |              |          |       | background writer
       |         |  28 |            |          |         |                  |             |                 |             | 2023-03-25 09:36:18.840662+00 |            |             |              | Activity        | CheckpointerMain  |       |             |              |          |       | checkpointer
(3 rows)
[Sat 25 Mar 2023 12:22:28 PM UTC]: check psql connections
 datid | datname | pid | leader_pid | usesysid | usename | application_name | client_addr | client_hostname | client_port |         backend_start         | xact_start | query_start | state_change | wait_event_type |    wait_event     | state | backend_xid | backend_xmin | query_id | query |   backend_type    
-------+---------+-----+------------+----------+---------+------------------+-------------+-----------------+-------------+-------------------------------+------------+-------------+--------------+-----------------+-------------------+-------+-------------+--------------+----------+-------+-------------------
       |         |  30 |            |          |         |                  |             |                 |             | 2023-03-25 09:36:18.841168+00 |            |             |              | IPC             | RestoreCommand    |       |             |              |          |       | startup
       |         |  29 |            |          |         |                  |             |                 |             | 2023-03-25 09:36:18.840877+00 |            |             |              | Activity        | BgWriterHibernate |       |             |              |          |       | background writer
       |         |  28 |            |          |         |                  |             |                 |             | 2023-03-25 09:36:18.840662+00 |            |             |              | Activity        | CheckpointerMain  |       |             |              |          |       | checkpointer
(3 rows)
[Sat 25 Mar 2023 12:22:29 PM UTC]: check psql connections
 datid | datname | pid  | leader_pid | usesysid | usename  | application_name | client_addr | client_hostname | client_port |         backend_start         | xact_start | query_start | state_change | wait_event_type |     wait_event      | state | backend_xid | backend_xmin | query_id | query |         backend_type         
-------+---------+------+------------+----------+----------+------------------+-------------+-----------------+-------------+-------------------------------+------------+-------------+--------------+-----------------+---------------------+-------+-------------+--------------+----------+-------+------------------------------
       |         | 3608 |            |          |          |                  |             |                 |             | 2023-03-25 12:22:28.83144+00  |            |             |              | Activity        | AutoVacuumMain      |       |             |              |          |       | autovacuum launcher
       |         | 3610 |            |       10 | postgres |                  |             |                 |             | 2023-03-25 12:22:28.832114+00 |            |             |              | Activity        | LogicalLauncherMain |       |             |              |          |       | logical replication launcher
       |         |   29 |            |          |          |                  |             |                 |             | 2023-03-25 09:36:18.840877+00 |            |             |              | Activity        | BgWriterMain        |       |             |              |          |       | background writer
       |         | 3609 |            |          |          |                  |             |                 |             | 2023-03-25 12:22:28.831706+00 |            |             |              | Activity        | ArchiverMain        |       |             |              |          |       | archiver
       |         |   28 |            |          |          |                  |             |                 |             | 2023-03-25 09:36:18.840662+00 |            |             |              | Activity        | CheckpointerMain    |       |             |              |          |       | checkpointer
       |         | 3607 |            |          |          |                  |             |                 |             | 2023-03-25 12:22:28.83118+00  |            |             |              | Activity        | WalWriterMain       |       |             |              |          |       | walwriter
(6 rows)
[Sat 25 Mar 2023 12:22:30 PM UTC]: check psql connections
 datid | datname | pid  | leader_pid | usesysid | usename  | application_name | client_addr | client_hostname | client_port |         backend_start         | xact_start | query_start | state_change | wait_event_type |     wait_event      | state | backend_xid | backend_xmin | query_id | query |         backend_type         
-------+---------+------+------------+----------+----------+------------------+-------------+-----------------+-------------+-------------------------------+------------+-------------+--------------+-----------------+---------------------+-------+-------------+--------------+----------+-------+------------------------------
       |         | 3608 |            |          |          |                  |             |                 |             | 2023-03-25 12:22:28.83144+00  |            |             |              | Activity        | AutoVacuumMain      |       |             |              |          |       | autovacuum launcher
       |         | 3610 |            |       10 | postgres |                  |             |                 |             | 2023-03-25 12:22:28.832114+00 |            |             |              | Activity        | LogicalLauncherMain |       |             |              |          |       | logical replication launcher
       |         |   29 |            |          |          |                  |             |                 |             | 2023-03-25 09:36:18.840877+00 |            |             |              | Activity        | BgWriterHibernate   |       |             |              |          |       | background writer
       |         | 3609 |            |          |          |                  |             |                 |             | 2023-03-25 12:22:28.831706+00 |            |             |              | Activity        | ArchiverMain        |       |             |              |          |       | archiver
       |         |   28 |            |          |          |                  |             |                 |             | 2023-03-25 09:36:18.840662+00 |            |             |              | Activity        | CheckpointerMain    |       |             |              |          |       | checkpointer
       |         | 3607 |            |          |          |                  |             |                 |             | 2023-03-25 12:22:28.83118+00  |            |             |              | Activity        | WalWriterMain       |       |             |              |          |       | walwriter
(6 rows)
[Sat 25 Mar 2023 12:22:40 PM UTC]: check psql connections
 datid | datname | pid  | leader_pid | usesysid | usename  | application_name | client_addr | client_hostname | client_port |         backend_start         | xact_start | query_start | state_change | wait_event_type |     wait_event      | state | backend_xid | backend_xmin | query_id | query |         backend_type         
-------+---------+------+------------+----------+----------+------------------+-------------+-----------------+-------------+-------------------------------+------------+-------------+--------------+-----------------+---------------------+-------+-------------+--------------+----------+-------+------------------------------
       |         | 3608 |            |          |          |                  |             |                 |             | 2023-03-25 12:22:28.83144+00  |            |             |              | Activity        | AutoVacuumMain      |       |             |              |          |       | autovacuum launcher
       |         | 3610 |            |       10 | postgres |                  |             |                 |             | 2023-03-25 12:22:28.832114+00 |            |             |              | Activity        | LogicalLauncherMain |       |             |              |          |       | logical replication launcher
       |         |   29 |            |          |          |                  |             |                 |             | 2023-03-25 09:36:18.840877+00 |            |             |              | Activity        | BgWriterMain        |       |             |              |          |       | background writer
       |         | 3609 |            |          |          |                  |             |                 |             | 2023-03-25 12:22:28.831706+00 |            |             |              | Activity        | ArchiverMain        |       |             |              |          |       | archiver
       |         |   28 |            |          |          |                  |             |                 |             | 2023-03-25 09:36:18.840662+00 |            |             |              | Activity        | CheckpointerMain    |       |             |              |          |       | checkpointer
       |         | 3607 |            |          |          |                  |             |                 |             | 2023-03-25 12:22:28.83118+00  |            |             |              | Activity        | WalWriterMain       |       |             |              |          |       | walwriter
(6 rows)
[Sat 25 Mar 2023 12:22:41 PM UTC]: check psql connections
 datid | datname | pid  | leader_pid | usesysid | usename  | application_name | client_addr | client_hostname | client_port |         backend_start         | xact_start | query_start | state_change | wait_event_type |     wait_event      | state | backend_xid | backend_xmin | query_id | query |         backend_type         
-------+---------+------+------------+----------+----------+------------------+-------------+-----------------+-------------+-------------------------------+------------+-------------+--------------+-----------------+---------------------+-------+-------------+--------------+----------+-------+------------------------------
       |         | 3608 |            |          |          |                  |             |                 |             | 2023-03-25 12:22:28.83144+00  |            |             |              | Activity        | AutoVacuumMain      |       |             |              |          |       | autovacuum launcher
       |         | 3610 |            |       10 | postgres |                  |             |                 |             | 2023-03-25 12:22:28.832114+00 |            |             |              | Activity        | LogicalLauncherMain |       |             |              |          |       | logical replication launcher
       |         |   29 |            |          |          |                  |             |                 |             | 2023-03-25 09:36:18.840877+00 |            |             |              | Activity        | BgWriterHibernate   |       |             |              |          |       | background writer
       |         | 3609 |            |          |          |                  |             |                 |             | 2023-03-25 12:22:28.831706+00 |            |             |              | Activity        | ArchiverMain        |       |             |              |          |       | archiver
       |         |   28 |            |          |          |                  |             |                 |             | 2023-03-25 09:36:18.840662+00 |            |             |              | Activity        | CheckpointerMain    |       |             |              |          |       | checkpointer
       |         | 3607 |            |          |          |                  |             |                 |             | 2023-03-25 12:22:28.83118+00  |            |             |              | Activity        | WalWriterMain       |       |             |              |          |       | walwriter
(6 rows)
[Sat 25 Mar 2023 12:22:59 PM UTC]: check psql connections
 datid | datname | pid  | leader_pid | usesysid | usename  | application_name | client_addr | client_hostname | client_port |         backend_start         | xact_start | query_start | state_change | wait_event_type |     wait_event      | state | backend_xid | backend_xmin | query_id | query |         backend_type         
-------+---------+------+------------+----------+----------+------------------+-------------+-----------------+-------------+-------------------------------+------------+-------------+--------------+-----------------+---------------------+-------+-------------+--------------+----------+-------+------------------------------
       |         | 3608 |            |          |          |                  |             |                 |             | 2023-03-25 12:22:28.83144+00  |            |             |              | Activity        | AutoVacuumMain      |       |             |              |          |       | autovacuum launcher
       |         | 3610 |            |       10 | postgres |                  |             |                 |             | 2023-03-25 12:22:28.832114+00 |            |             |              | Activity        | LogicalLauncherMain |       |             |              |          |       | logical replication launcher
       |         |   29 |            |          |          |                  |             |                 |             | 2023-03-25 09:36:18.840877+00 |            |             |              | Activity        | BgWriterMain        |       |             |              |          |       | background writer
       |         | 3609 |            |          |          |                  |             |                 |             | 2023-03-25 12:22:28.831706+00 |            |             |              | Activity        | ArchiverMain        |       |             |              |          |       | archiver
       |         |   28 |            |          |          |                  |             |                 |             | 2023-03-25 09:36:18.840662+00 |            |             |              | Activity        | CheckpointerMain    |       |             |              |          |       | checkpointer
       |         | 3607 |            |          |          |                  |             |                 |             | 2023-03-25 12:22:28.83118+00  |            |             |              | Activity        | WalWriterMain       |       |             |              |          |       | walwriter
(6 rows)
[Sat 25 Mar 2023 12:23:00 PM UTC]: check psql connections
 datid | datname | pid  | leader_pid | usesysid | usename  | application_name | client_addr | client_hostname | client_port |         backend_start         | xact_start | query_start | state_change | wait_event_type |     wait_event      | state | backend_xid | backend_xmin | query_id | query |         backend_type         
-------+---------+------+------------+----------+----------+------------------+-------------+-----------------+-------------+-------------------------------+------------+-------------+--------------+-----------------+---------------------+-------+-------------+--------------+----------+-------+------------------------------
       |         | 3608 |            |          |          |                  |             |                 |             | 2023-03-25 12:22:28.83144+00  |            |             |              | Activity        | AutoVacuumMain      |       |             |              |          |       | autovacuum launcher
       |         | 3610 |            |       10 | postgres |                  |             |                 |             | 2023-03-25 12:22:28.832114+00 |            |             |              | Activity        | LogicalLauncherMain |       |             |              |          |       | logical replication launcher
       |         |   29 |            |          |          |                  |             |                 |             | 2023-03-25 09:36:18.840877+00 |            |             |              | Activity        | BgWriterHibernate   |       |             |              |          |       | background writer
       |         | 3609 |            |          |          |                  |             |                 |             | 2023-03-25 12:22:28.831706+00 |            |             |              | Activity        | ArchiverMain        |       |             |              |          |       | archiver
       |         |   28 |            |          |          |                  |             |                 |             | 2023-03-25 09:36:18.840662+00 |            |             |              | Activity        | CheckpointerMain    |       |             |              |          |       | checkpointer
       |         | 3607 |            |          |          |                  |             |                 |             | 2023-03-25 12:22:28.83118+00  |            |             |              | Activity        | WalWriterMain       |       |             |              |          |       | walwriter
(6 rows)
[Sat 25 Mar 2023 12:23:01 PM UTC]: check psql connections
 datid | datname | pid  | leader_pid | usesysid |      usename      | application_name  | client_addr | client_hostname | client_port |         backend_start         | xact_start |         query_start          |         state_change          | wait_event_type |     wait_event      | state  | backend_xid | backend_xmin | query_id |                  query                  |         backend_type         
-------+---------+------+------------+----------+-------------------+-------------------+-------------+-----------------+-------------+-------------------------------+------------+------------------------------+-------------------------------+-----------------+---------------------+--------+-------------+--------------+----------+-----------------------------------------+------------------------------
       |         | 3608 |            |          |                   |                   |             |                 |             | 2023-03-25 12:22:28.83144+00  |            |                              |                               | Activity        | AutoVacuumMain      |        |             |              |          |                                         | autovacuum launcher
       |         | 3610 |            |       10 | postgres          |                   |             |                 |             | 2023-03-25 12:22:28.832114+00 |            |                              |                               | Activity        | LogicalLauncherMain |        |             |              |          |                                         | logical replication launcher
       |         | 4107 |            |    16386 | streaming_replica | cluster-example-5 | 10.40.1.4   |                 |       53976 | 2023-03-25 12:23:01.201914+00 |            | 2023-03-25 12:23:01.20799+00 | 2023-03-25 12:23:01.208005+00 | Activity        | WalSenderMain       | active |             |              |          | START_REPLICATION 0/21000000 TIMELINE 9 | walsender
       |         |   29 |            |          |                   |                   |             |                 |             | 2023-03-25 09:36:18.840877+00 |            |                              |                               | Activity        | BgWriterHibernate   |        |             |              |          |                                         | background writer
       |         | 3609 |            |          |                   |                   |             |                 |             | 2023-03-25 12:22:28.831706+00 |            |                              |                               | Activity        | ArchiverMain        |        |             |              |          |                                         | archiver
       |         |   28 |            |          |                   |                   |             |                 |             | 2023-03-25 09:36:18.840662+00 |            |                              |                               | Activity        | CheckpointerMain    |        |             |              |          |                                         | checkpointer
       |         | 3607 |            |          |                   |                   |             |                 |             | 2023-03-25 12:22:28.83118+00  |            |                              |                               | Activity        | WalWriterMain       |        |             |              |          |                                         | walwriter
(7 rows)
[Sat 25 Mar 2023 12:23:28 PM UTC]: check psql connections
 datid | datname | pid  | leader_pid | usesysid |      usename      | application_name  | client_addr | client_hostname | client_port |         backend_start         | xact_start |         query_start          |         state_change          | wait_event_type |     wait_event      | state  | backend_xid | backend_xmin | query_id |                  query                  |         backend_type         
-------+---------+------+------------+----------+-------------------+-------------------+-------------+-----------------+-------------+-------------------------------+------------+------------------------------+-------------------------------+-----------------+---------------------+--------+-------------+--------------+----------+-----------------------------------------+------------------------------
       |         | 3608 |            |          |                   |                   |             |                 |             | 2023-03-25 12:22:28.83144+00  |            |                              |                               | Activity        | AutoVacuumMain      |        |             |              |          |                                         | autovacuum launcher
       |         | 3610 |            |       10 | postgres          |                   |             |                 |             | 2023-03-25 12:22:28.832114+00 |            |                              |                               | Activity        | LogicalLauncherMain |        |             |              |          |                                         | logical replication launcher
       |         | 4107 |            |    16386 | streaming_replica | cluster-example-5 | 10.40.1.4   |                 |       53976 | 2023-03-25 12:23:01.201914+00 |            | 2023-03-25 12:23:01.20799+00 | 2023-03-25 12:23:01.208005+00 | Activity        | WalSenderMain       | active |             |              |          | START_REPLICATION 0/21000000 TIMELINE 9 | walsender
       |         |   29 |            |          |                   |                   |             |                 |             | 2023-03-25 09:36:18.840877+00 |            |                              |                               | Activity        | BgWriterMain        |        |             |              |          |                                         | background writer
       |         | 3609 |            |          |                   |                   |             |                 |             | 2023-03-25 12:22:28.831706+00 |            |                              |                               | Activity        | ArchiverMain        |        |             |              |          |                                         | archiver
       |         |   28 |            |          |                   |                   |             |                 |             | 2023-03-25 09:36:18.840662+00 |            |                              |                               | Activity        | CheckpointerMain    |        |             |              |          |                                         | checkpointer
       |         | 3607 |            |          |                   |                   |             |                 |             | 2023-03-25 12:22:28.83118+00  |            |                              |                               | Activity        | WalWriterMain       |        |             |              |          |                                         | walwriter
(7 rows)
[Sat 25 Mar 2023 12:23:29 PM UTC]: check psql connections
 datid | datname | pid  | leader_pid | usesysid |      usename      | application_name  | client_addr | client_hostname | client_port |         backend_start         | xact_start |         query_start          |         state_change          | wait_event_type |     wait_event      | state  | backend_xid | backend_xmin | query_id |                  query                  |         backend_type         
-------+---------+------+------------+----------+-------------------+-------------------+-------------+-----------------+-------------+-------------------------------+------------+------------------------------+-------------------------------+-----------------+---------------------+--------+-------------+--------------+----------+-----------------------------------------+------------------------------
       |         | 3608 |            |          |                   |                   |             |                 |             | 2023-03-25 12:22:28.83144+00  |            |                              |                               | Activity        | AutoVacuumMain      |        |             |              |          |                                         | autovacuum launcher
       |         | 3610 |            |       10 | postgres          |                   |             |                 |             | 2023-03-25 12:22:28.832114+00 |            |                              |                               | Activity        | LogicalLauncherMain |        |             |              |          |                                         | logical replication launcher
       |         | 4107 |            |    16386 | streaming_replica | cluster-example-5 | 10.40.1.4   |                 |       53976 | 2023-03-25 12:23:01.201914+00 |            | 2023-03-25 12:23:01.20799+00 | 2023-03-25 12:23:01.208005+00 | Activity        | WalSenderMain       | active |             |              |          | START_REPLICATION 0/21000000 TIMELINE 9 | walsender
       |         |   29 |            |          |                   |                   |             |                 |             | 2023-03-25 09:36:18.840877+00 |            |                              |                               | Activity        | BgWriterHibernate   |        |             |              |          |                                         | background writer
       |         | 3609 |            |          |                   |                   |             |                 |             | 2023-03-25 12:22:28.831706+00 |            |                              |                               | Activity        | ArchiverMain        |        |             |              |          |                                         | archiver
       |         |   28 |            |          |                   |                   |             |                 |             | 2023-03-25 09:36:18.840662+00 |            |                              |                               | Activity        | CheckpointerMain    |        |             |              |          |                                         | checkpointer
       |         | 3607 |            |          |                   |                   |             |                 |             | 2023-03-25 12:22:28.83118+00  |            |                              |                               | Activity        | WalWriterMain       |        |             |              |          |                                         | walwriter
(7 rows)
